[0107/144901.279:ERROR:process_memory_win.cc(73)] ReadMemory at 0x10c5000 of 8 bytes failed: Only part of a ReadProcessMemory or WriteProcessMemory request was completed. (0x12B)
[0107/144901.345:ERROR:process_memory_win.cc(73)] ReadMemory at 0x77470000 of 64 bytes failed: Only part of a ReadProcessMemory or WriteProcessMemory request was completed. (0x12B)
[0107/144901.345:WARNING:pe_image_reader.cc(340)] could not read dos header from C:\Windows\SYSTEM32\ntdll.dll
[0107/144901.345:ERROR:process_memory_win.cc(73)] ReadMemory at 0x77470000 of 64 bytes failed: Only part of a ReadProcessMemory or WriteProcessMemory request was completed. (0x12B)
[0107/144901.345:WARNING:pe_image_reader.cc(340)] could not read dos header from C:\Windows\SYSTEM32\ntdll.dll
[0107/144901.345:ERROR:process_memory_win.cc(73)] ReadMemory at 0x76b80000 of 64 bytes failed: Only part of a ReadProcessMemory or WriteProcessMemory request was completed. (0x12B)
[0107/144901.345:WARNING:pe_image_reader.cc(340)] could not read dos header from C:\Windows\system32\kernel32.dll
[0107/144901.345:ERROR:process_memory_win.cc(73)] ReadMemory at 0x76b80000 of 64 bytes failed: Only part of a ReadProcessMemory or WriteProcessMemory request was completed. (0x12B)
[0107/144901.345:WARNING:pe_image_reader.cc(340)] could not read dos header from C:\Windows\system32\kernel32.dll
[0107/144901.345:ERROR:process_memory_win.cc(73)] ReadMemory at 0x75840000 of 64 bytes failed: Only part of a ReadProcessMemory or WriteProcessMemory request was completed. (0x12B)
[0107/144901.345:WARNING:pe_image_reader.cc(340)] could not read dos header from C:\Windows\system32\KERNELBASE.dll
[0107/144901.345:ERROR:process_memory_win.cc(73)] ReadMemory at 0x75840000 of 64 bytes failed: Only part of a ReadProcessMemory or WriteProcessMemory request was completed. (0x12B)
[0107/144901.345:WARNING:pe_image_reader.cc(340)] could not read dos header from C:\Windows\system32\KERNELBASE.dll
[0107/144901.345:ERROR:process_memory_win.cc(73)] ReadMemory at 0x635a0000 of 64 bytes failed: Only part of a ReadProcessMemory or WriteProcessMemory request was completed. (0x12B)
[0107/144901.345:WARNING:pe_image_reader.cc(340)] could not read dos header from C:\Program Files\Google\Chrome\Application\79.0.3945.88\chrome_elf.dll
[0107/144901.345:ERROR:process_memory_win.cc(73)] ReadMemory at 0x635a0000 of 64 bytes failed: Only part of a ReadProcessMemory or WriteProcessMemory request was completed. (0x12B)
[0107/144901.345:WARNING:pe_image_reader.cc(340)] could not read dos header from C:\Program Files\Google\Chrome\Application\79.0.3945.88\chrome_elf.dll
[0107/144901.345:ERROR:process_memory_win.cc(73)] ReadMemory at 0x74ac0000 of 64 bytes failed: Only part of a ReadProcessMemory or WriteProcessMemory request was completed. (0x12B)
[0107/144901.345:WARNING:pe_image_reader.cc(340)] could not read dos header from C:\Windows\system32\VERSION.dll
[0107/144901.345:ERROR:process_memory_win.cc(73)] ReadMemory at 0x74ac0000 of 64 bytes failed: Only part of a ReadProcessMemory or WriteProcessMemory request was completed. (0x12B)
[0107/144901.345:WARNING:pe_image_reader.cc(340)] could not read dos header from C:\Windows\system32\VERSION.dll
[0107/144901.345:ERROR:process_memory_win.cc(73)] ReadMemory at 0x76a10000 of 64 bytes failed: Only part of a ReadProcessMemory or WriteProcessMemory request was completed. (0x12B)
[0107/144901.345:WARNING:pe_image_reader.cc(340)] could not read dos header from C:\Windows\system32\msvcrt.dll
[0107/144901.345:ERROR:process_memory_win.cc(73)] ReadMemory at 0x76a10000 of 64 bytes failed: Only part of a ReadProcessMemory or WriteProcessMemory request was completed. (0x12B)
[0107/144901.345:WARNING:pe_image_reader.cc(340)] could not read dos header from C:\Windows\system32\msvcrt.dll
[0107/144901.346:ERROR:process_memory_win.cc(73)] ReadMemory at 0x75ac0000 of 64 bytes failed: Only part of a ReadProcessMemory or WriteProcessMemory request was completed. (0x12B)
[0107/144901.346:WARNING:pe_image_reader.cc(340)] could not read dos header from C:\Windows\system32\SHELL32.dll
[0107/144901.346:ERROR:process_memory_win.cc(73)] ReadMemory at 0x75ac0000 of 64 bytes failed: Only part of a ReadProcessMemory or WriteProcessMemory request was completed. (0x12B)
[0107/144901.346:WARNING:pe_image_reader.cc(340)] could not read dos header from C:\Windows\system32\SHELL32.dll
[0107/144901.346:ERROR:process_memory_win.cc(73)] ReadMemory at 0x76870000 of 64 bytes failed: Only part of a ReadProcessMemory or WriteProcessMemory request was completed. (0x12B)
[0107/144901.346:WARNING:pe_image_reader.cc(340)] could not read dos header from C:\Windows\system32\SHLWAPI.dll
[0107/144901.346:ERROR:process_memory_win.cc(73)] ReadMemory at 0x76870000 of 64 bytes failed: Only part of a ReadProcessMemory or WriteProcessMemory request was completed. (0x12B)
[0107/144901.346:WARNING:pe_image_reader.cc(340)] could not read dos header from C:\Windows\system32\SHLWAPI.dll
[0107/144901.346:ERROR:process_memory_win.cc(73)] ReadMemory at 0x76710000 of 64 bytes failed: Only part of a ReadProcessMemory or WriteProcessMemory request was completed. (0x12B)
[0107/144901.346:WARNING:pe_image_reader.cc(340)] could not read dos header from C:\Windows\system32\GDI32.dll
[0107/144901.346:ERROR:process_memory_win.cc(73)] ReadMemory at 0x76710000 of 64 bytes failed: Only part of a ReadProcessMemory or WriteProcessMemory request was completed. (0x12B)
[0107/144901.346:WARNING:pe_image_reader.cc(340)] could not read dos header from C:\Windows\system32\GDI32.dll
[0107/144901.346:ERROR:process_memory_win.cc(73)] ReadMemory at 0x76e30000 of 64 bytes failed: Only part of a ReadProcessMemory or WriteProcessMemory request was completed. (0x12B)
[0107/144901.346:WARNING:pe_image_reader.cc(340)] could not read dos header from C:\Windows\system32\USER32.dll
[0107/144901.346:ERROR:process_memory_win.cc(73)] ReadMemory at 0x76e30000 of 64 bytes failed: Only part of a ReadProcessMemory or WriteProcessMemory request was completed. (0x12B)
[0107/144901.346:WARNING:pe_image_reader.cc(340)] could not read dos header from C:\Windows\system32\USER32.dll
[0107/144901.346:ERROR:process_memory_win.cc(73)] ReadMemory at 0x77660000 of 64 bytes failed: Only part of a ReadProcessMemory or WriteProcessMemory request was completed. (0x12B)
[0107/144901.346:WARNING:pe_image_reader.cc(340)] could not read dos header from C:\Windows\system32\LPK.dll
[0107/144901.346:ERROR:process_memory_win.cc(73)] ReadMemory at 0x77660000 of 64 bytes failed: Only part of a ReadProcessMemory or WriteProcessMemory request was completed. (0x12B)
[0107/144901.346:WARNING:pe_image_reader.cc(340)] could not read dos header from C:\Windows\system32\LPK.dll
[0107/144901.346:ERROR:process_memory_win.cc(73)] ReadMemory at 0x758c0000 of 64 bytes failed: Only part of a ReadProcessMemory or WriteProcessMemory request was completed. (0x12B)
[0107/144901.346:WARNING:pe_image_reader.cc(340)] could not read dos header from C:\Windows\system32\USP10.dll
[0107/144901.346:ERROR:process_memory_win.cc(73)] ReadMemory at 0x758c0000 of 64 bytes failed: Only part of a ReadProcessMemory or WriteProcessMemory request was completed. (0x12B)
[0107/144901.346:WARNING:pe_image_reader.cc(340)] could not read dos header from C:\Windows\system32\USP10.dll
[0107/144901.346:ERROR:process_memory_win.cc(73)] ReadMemory at 0x76b60000 of 64 bytes failed: Only part of a ReadProcessMemory or WriteProcessMemory request was completed. (0x12B)
[0107/144901.346:WARNING:pe_image_reader.cc(340)] could not read dos header from C:\Windows\system32\IMM32.DLL
[0107/144901.346:ERROR:process_memory_win.cc(73)] ReadMemory at 0x76b60000 of 64 bytes failed: Only part of a ReadProcessMemory or WriteProcessMemory request was completed. (0x12B)
[0107/144901.346:WARNING:pe_image_reader.cc(340)] could not read dos header from C:\Windows\system32\IMM32.DLL
[0107/144901.346:ERROR:process_memory_win.cc(73)] ReadMemory at 0x77200000 of 64 bytes failed: Only part of a ReadProcessMemory or WriteProcessMemory request was completed. (0x12B)
[0107/144901.346:WARNING:pe_image_reader.cc(340)] could not read dos header from C:\Windows\system32\MSCTF.dll
[0107/144901.346:ERROR:process_memory_win.cc(73)] ReadMemory at 0x77200000 of 64 bytes failed: Only part of a ReadProcessMemory or WriteProcessMemory request was completed. (0x12B)
[0107/144901.346:WARNING:pe_image_reader.cc(340)] could not read dos header from C:\Windows\system32\MSCTF.dll
[0107/144901.346:ERROR:process_memory_win.cc(73)] ReadMemory at 0x71560000 of 64 bytes failed: Only part of a ReadProcessMemory or WriteProcessMemory request was completed. (0x12B)
[0107/144901.346:WARNING:pe_image_reader.cc(340)] could not read dos header from C:\Windows\system32\WINMM.dll
[0107/144901.346:ERROR:process_memory_win.cc(73)] ReadMemory at 0x71560000 of 64 bytes failed: Only part of a ReadProcessMemory or WriteProcessMemory request was completed. (0x12B)
[0107/144901.346:WARNING:pe_image_reader.cc(340)] could not read dos header from C:\Windows\system32\WINMM.dll
[0107/144901.346:ERROR:process_memory_win.cc(73)] ReadMemory at 0x76ac0000 of 64 bytes failed: Only part of a ReadProcessMemory or WriteProcessMemory request was completed. (0x12B)
[0107/144901.346:WARNING:pe_image_reader.cc(340)] could not read dos header from C:\Windows\system32\ADVAPI32.dll
[0107/144901.346:ERROR:process_memory_win.cc(73)] ReadMemory at 0x76ac0000 of 64 bytes failed: Only part of a ReadProcessMemory or WriteProcessMemory request was completed. (0x12B)
[0107/144901.346:WARNING:pe_image_reader.cc(340)] could not read dos header from C:\Windows\system32\ADVAPI32.dll
[0107/144901.346:ERROR:process_memory_win.cc(73)] ReadMemory at 0x77640000 of 64 bytes failed: Only part of a ReadProcessMemory or WriteProcessMemory request was completed. (0x12B)
[0107/144901.347:WARNING:pe_image_reader.cc(340)] could not read dos header from C:\Windows\SYSTEM32\sechost.dll
[0107/144901.347:ERROR:process_memory_win.cc(73)] ReadMemory at 0x77640000 of 64 bytes failed: Only part of a ReadProcessMemory or WriteProcessMemory request was completed. (0x12B)
[0107/144901.347:WARNING:pe_image_reader.cc(340)] could not read dos header from C:\Windows\SYSTEM32\sechost.dll
[0107/144901.347:ERROR:process_memory_win.cc(73)] ReadMemory at 0x76cf0000 of 64 bytes failed: Only part of a ReadProcessMemory or WriteProcessMemory request was completed. (0x12B)
[0107/144901.347:WARNING:pe_image_reader.cc(340)] could not read dos header from C:\Windows\system32\RPCRT4.dll
[0107/144901.347:ERROR:process_memory_win.cc(73)] ReadMemory at 0x76cf0000 of 64 bytes failed: Only part of a ReadProcessMemory or WriteProcessMemory request was completed. (0x12B)
[0107/144901.347:WARNING:pe_image_reader.cc(340)] could not read dos header from C:\Windows\system32\RPCRT4.dll
[0107/144901.347:ERROR:process_memory_win.cc(73)] ReadMemory at 0xf250000 of 64 bytes failed: Only part of a ReadProcessMemory or WriteProcessMemory request was completed. (0x12B)
[0107/144901.347:WARNING:pe_image_reader.cc(340)] could not read dos header from C:\Program Files\Google\Chrome\Application\79.0.3945.88\chrome_child.dll
[0107/144901.347:ERROR:process_memory_win.cc(73)] ReadMemory at 0xf250000 of 64 bytes failed: Only part of a ReadProcessMemory or WriteProcessMemory request was completed. (0x12B)
[0107/144901.347:WARNING:pe_image_reader.cc(340)] could not read dos header from C:\Program Files\Google\Chrome\Application\79.0.3945.88\chrome_child.dll
[0107/144901.347:ERROR:process_memory_win.cc(73)] ReadMemory at 0x76c60000 of 64 bytes failed: Only part of a ReadProcessMemory or WriteProcessMemory request was completed. (0x12B)
[0107/144901.347:WARNING:pe_image_reader.cc(340)] could not read dos header from C:\Windows\system32\OLEAUT32.dll
[0107/144901.347:ERROR:process_memory_win.cc(73)] ReadMemory at 0x76c60000 of 64 bytes failed: Only part of a ReadProcessMemory or WriteProcessMemory request was completed. (0x12B)
[0107/144901.347:WARNING:pe_image_reader.cc(340)] could not read dos header from C:\Windows\system32\OLEAUT32.dll
[0107/144901.347:ERROR:process_memory_win.cc(73)] ReadMemory at 0x75960000 of 64 bytes failed: Only part of a ReadProcessMemory or WriteProcessMemory request was completed. (0x12B)
[0107/144901.347:WARNING:pe_image_reader.cc(340)] could not read dos header from C:\Windows\system32\ole32.dll
[0107/144901.347:ERROR:process_memory_win.cc(73)] ReadMemory at 0x75960000 of 64 bytes failed: Only part of a ReadProcessMemory or WriteProcessMemory request was completed. (0x12B)
[0107/144901.347:WARNING:pe_image_reader.cc(340)] could not read dos header from C:\Windows\system32\ole32.dll
[0107/144901.347:ERROR:process_memory_win.cc(73)] ReadMemory at 0x76df0000 of 64 bytes failed: Only part of a ReadProcessMemory or WriteProcessMemory request was completed. (0x12B)
[0107/144901.347:WARNING:pe_image_reader.cc(340)] could not read dos header from C:\Windows\system32\WS2_32.dll
[0107/144901.347:ERROR:process_memory_win.cc(73)] ReadMemory at 0x76df0000 of 64 bytes failed: Only part of a ReadProcessMemory or WriteProcessMemory request was completed. (0x12B)
[0107/144901.347:WARNING:pe_image_reader.cc(340)] could not read dos header from C:\Windows\system32\WS2_32.dll
[0107/144901.347:ERROR:process_memory_win.cc(73)] ReadMemory at 0x775d0000 of 64 bytes failed: Only part of a ReadProcessMemory or WriteProcessMemory request was completed. (0x12B)
[0107/144901.347:WARNING:pe_image_reader.cc(340)] could not read dos header from C:\Windows\system32\NSI.dll
[0107/144901.347:ERROR:process_memory_win.cc(73)] ReadMemory at 0x775d0000 of 64 bytes failed: Only part of a ReadProcessMemory or WriteProcessMemory request was completed. (0x12B)
[0107/144901.347:WARNING:pe_image_reader.cc(340)] could not read dos header from C:\Windows\system32\NSI.dll
[0107/144901.347:ERROR:process_memory_win.cc(73)] ReadMemory at 0x73bf0000 of 64 bytes failed: Only part of a ReadProcessMemory or WriteProcessMemory request was completed. (0x12B)
[0107/144901.347:WARNING:pe_image_reader.cc(340)] could not read dos header from C:\Windows\system32\IPHLPAPI.DLL
[0107/144901.347:ERROR:process_memory_win.cc(73)] ReadMemory at 0x73bf0000 of 64 bytes failed: Only part of a ReadProcessMemory or WriteProcessMemory request was completed. (0x12B)
[0107/144901.347:WARNING:pe_image_reader.cc(340)] could not read dos header from C:\Windows\system32\IPHLPAPI.DLL
[0107/144901.347:ERROR:process_memory_win.cc(73)] ReadMemory at 0x73be0000 of 64 bytes failed: Only part of a ReadProcessMemory or WriteProcessMemory request was completed. (0x12B)
[0107/144901.347:WARNING:pe_image_reader.cc(340)] could not read dos header from C:\Windows\system32\WINNSI.DLL
[0107/144901.347:ERROR:process_memory_win.cc(73)] ReadMemory at 0x73be0000 of 64 bytes failed: Only part of a ReadProcessMemory or WriteProcessMemory request was completed. (0x12B)
[0107/144901.347:WARNING:pe_image_reader.cc(340)] could not read dos header from C:\Windows\system32\WINNSI.DLL
[0107/144901.347:ERROR:process_memory_win.cc(73)] ReadMemory at 0x75640000 of 64 bytes failed: Only part of a ReadProcessMemory or WriteProcessMemory request was completed. (0x12B)
[0107/144901.347:WARNING:pe_image_reader.cc(340)] could not read dos header from C:\Windows\system32\WINTRUST.dll
[0107/144901.347:ERROR:process_memory_win.cc(73)] ReadMemory at 0x75640000 of 64 bytes failed: Only part of a ReadProcessMemory or WriteProcessMemory request was completed. (0x12B)
[0107/144901.347:WARNING:pe_image_reader.cc(340)] could not read dos header from C:\Windows\system32\WINTRUST.dll
[0107/144901.347:ERROR:process_memory_win.cc(73)] ReadMemory at 0x75720000 of 64 bytes failed: Only part of a ReadProcessMemory or WriteProcessMemory request was completed. (0x12B)
[0107/144901.347:WARNING:pe_image_reader.cc(340)] could not read dos header from C:\Windows\system32\CRYPT32.dll
[0107/144901.347:ERROR:process_memory_win.cc(73)] ReadMemory at 0x75720000 of 64 bytes failed: Only part of a ReadProcessMemory or WriteProcessMemory request was completed. (0x12B)
[0107/144901.347:WARNING:pe_image_reader.cc(340)] could not read dos header from C:\Windows\system32\CRYPT32.dll
[0107/144901.347:ERROR:process_memory_win.cc(73)] ReadMemory at 0x75630000 of 64 bytes failed: Only part of a ReadProcessMemory or WriteProcessMemory request was completed. (0x12B)
[0107/144901.347:WARNING:pe_image_reader.cc(340)] could not read dos header from C:\Windows\system32\MSASN1.dll
[0107/144901.347:ERROR:process_memory_win.cc(73)] ReadMemory at 0x75630000 of 64 bytes failed: Only part of a ReadProcessMemory or WriteProcessMemory request was completed. (0x12B)
[0107/144901.348:WARNING:pe_image_reader.cc(340)] could not read dos header from C:\Windows\system32\MSASN1.dll
[0107/144901.348:ERROR:process_memory_win.cc(73)] ReadMemory at 0x74c20000 of 64 bytes failed: Only part of a ReadProcessMemory or WriteProcessMemory request was completed. (0x12B)
[0107/144901.348:WARNING:pe_image_reader.cc(340)] could not read dos header from C:\Windows\system32\USERENV.dll
[0107/144901.348:ERROR:process_memory_win.cc(73)] ReadMemory at 0x74c20000 of 64 bytes failed: Only part of a ReadProcessMemory or WriteProcessMemory request was completed. (0x12B)
[0107/144901.348:WARNING:pe_image_reader.cc(340)] could not read dos header from C:\Windows\system32\USERENV.dll
[0107/144901.348:ERROR:process_memory_win.cc(73)] ReadMemory at 0x755c0000 of 64 bytes failed: Only part of a ReadProcessMemory or WriteProcessMemory request was completed. (0x12B)
[0107/144901.348:WARNING:pe_image_reader.cc(340)] could not read dos header from C:\Windows\system32\profapi.dll
[0107/144901.348:ERROR:process_memory_win.cc(73)] ReadMemory at 0x755c0000 of 64 bytes failed: Only part of a ReadProcessMemory or WriteProcessMemory request was completed. (0x12B)
[0107/144901.348:WARNING:pe_image_reader.cc(340)] could not read dos header from C:\Windows\system32\profapi.dll
[0107/144901.348:ERROR:process_memory_win.cc(73)] ReadMemory at 0x6d970000 of 64 bytes failed: Only part of a ReadProcessMemory or WriteProcessMemory request was completed. (0x12B)
[0107/144901.348:WARNING:pe_image_reader.cc(340)] could not read dos header from C:\Windows\system32\DWrite.dll
[0107/144901.348:ERROR:process_memory_win.cc(73)] ReadMemory at 0x6d970000 of 64 bytes failed: Only part of a ReadProcessMemory or WriteProcessMemory request was completed. (0x12B)
[0107/144901.348:WARNING:pe_image_reader.cc(340)] could not read dos header from C:\Windows\system32\DWrite.dll
[0107/144901.348:ERROR:process_memory_win.cc(73)] ReadMemory at 0x712b0000 of 64 bytes failed: Only part of a ReadProcessMemory or WriteProcessMemory request was completed. (0x12B)
[0107/144901.348:WARNING:pe_image_reader.cc(340)] could not read dos header from C:\Windows\system32\WINSPOOL.DRV
[0107/144901.348:ERROR:process_memory_win.cc(73)] ReadMemory at 0x712b0000 of 64 bytes failed: Only part of a ReadProcessMemory or WriteProcessMemory request was completed. (0x12B)
[0107/144901.348:WARNING:pe_image_reader.cc(340)] could not read dos header from C:\Windows\system32\WINSPOOL.DRV
[0107/144901.348:ERROR:process_memory_win.cc(73)] ReadMemory at 0x708d0000 of 64 bytes failed: Only part of a ReadProcessMemory or WriteProcessMemory request was completed. (0x12B)
[0107/144901.348:WARNING:pe_image_reader.cc(340)] could not read dos header from C:\Windows\system32\dbghelp.dll
[0107/144901.348:ERROR:process_memory_win.cc(73)] ReadMemory at 0x708d0000 of 64 bytes failed: Only part of a ReadProcessMemory or WriteProcessMemory request was completed. (0x12B)
[0107/144901.348:WARNING:pe_image_reader.cc(340)] could not read dos header from C:\Windows\system32\dbghelp.dll
[0107/144901.348:ERROR:process_memory_win.cc(73)] ReadMemory at 0x75460000 of 64 bytes failed: Only part of a ReadProcessMemory or WriteProcessMemory request was completed. (0x12B)
[0107/144901.348:WARNING:pe_image_reader.cc(340)] could not read dos header from C:\Windows\system32\Secur32.dll
[0107/144901.348:ERROR:process_memory_win.cc(73)] ReadMemory at 0x75460000 of 64 bytes failed: Only part of a ReadProcessMemory or WriteProcessMemory request was completed. (0x12B)
[0107/144901.348:WARNING:pe_image_reader.cc(340)] could not read dos header from C:\Windows\system32\Secur32.dll
[0107/144901.348:ERROR:process_memory_win.cc(73)] ReadMemory at 0x754a0000 of 64 bytes failed: Only part of a ReadProcessMemory or WriteProcessMemory request was completed. (0x12B)
[0107/144901.348:WARNING:pe_image_reader.cc(340)] could not read dos header from C:\Windows\system32\SSPICLI.DLL
[0107/144901.348:ERROR:process_memory_win.cc(73)] ReadMemory at 0x754a0000 of 64 bytes failed: Only part of a ReadProcessMemory or WriteProcessMemory request was completed. (0x12B)
[0107/144901.348:WARNING:pe_image_reader.cc(340)] could not read dos header from C:\Windows\system32\SSPICLI.DLL
[0107/144901.348:ERROR:process_memory_win.cc(73)] ReadMemory at 0x70bf0000 of 64 bytes failed: Only part of a ReadProcessMemory or WriteProcessMemory request was completed. (0x12B)
[0107/144901.348:WARNING:pe_image_reader.cc(340)] could not read dos header from C:\Windows\system32\WINHTTP.dll
[0107/144901.348:ERROR:process_memory_win.cc(73)] ReadMemory at 0x70bf0000 of 64 bytes failed: Only part of a ReadProcessMemory or WriteProcessMemory request was completed. (0x12B)
[0107/144901.348:WARNING:pe_image_reader.cc(340)] could not read dos header from C:\Windows\system32\WINHTTP.dll
[0107/144901.348:ERROR:process_memory_win.cc(73)] ReadMemory at 0x70ba0000 of 64 bytes failed: Only part of a ReadProcessMemory or WriteProcessMemory request was completed. (0x12B)
[0107/144901.348:WARNING:pe_image_reader.cc(340)] could not read dos header from C:\Windows\system32\webio.dll
[0107/144901.348:ERROR:process_memory_win.cc(73)] ReadMemory at 0x70ba0000 of 64 bytes failed: Only part of a ReadProcessMemory or WriteProcessMemory request was completed. (0x12B)
[0107/144901.348:WARNING:pe_image_reader.cc(340)] could not read dos header from C:\Windows\system32\webio.dll
[0107/144901.348:ERROR:process_memory_win.cc(73)] ReadMemory at 0x738e0000 of 64 bytes failed: Only part of a ReadProcessMemory or WriteProcessMemory request was completed. (0x12B)
[0107/144901.348:WARNING:pe_image_reader.cc(340)] could not read dos header from C:\Windows\system32\dhcpcsvc.DLL
[0107/144901.348:ERROR:process_memory_win.cc(73)] ReadMemory at 0x738e0000 of 64 bytes failed: Only part of a ReadProcessMemory or WriteProcessMemory request was completed. (0x12B)
[0107/144901.348:WARNING:pe_image_reader.cc(340)] could not read dos header from C:\Windows\system32\dhcpcsvc.DLL
[0107/144901.348:ERROR:process_memory_win.cc(73)] ReadMemory at 0x75510000 of 64 bytes failed: Only part of a ReadProcessMemory or WriteProcessMemory request was completed. (0x12B)
[0107/144901.348:WARNING:pe_image_reader.cc(340)] could not read dos header from C:\Windows\system32\cryptbase.dll
[0107/144901.348:ERROR:process_memory_win.cc(73)] ReadMemory at 0x75510000 of 64 bytes failed: Only part of a ReadProcessMemory or WriteProcessMemory request was completed. (0x12B)
[0107/144901.348:WARNING:pe_image_reader.cc(340)] could not read dos header from C:\Windows\system32\cryptbase.dll
[0107/144901.348:ERROR:process_memory_win.cc(73)] ReadMemory at 0x742b0000 of 64 bytes failed: Only part of a ReadProcessMemory or WriteProcessMemory request was completed. (0x12B)
[0107/144901.348:WARNING:pe_image_reader.cc(340)] could not read dos header from C:\Windows\system32\uxtheme.dll
[0107/144901.348:ERROR:process_memory_win.cc(73)] ReadMemory at 0x742b0000 of 64 bytes failed: Only part of a ReadProcessMemory or WriteProcessMemory request was completed. (0x12B)
[0107/144901.348:WARNING:pe_image_reader.cc(340)] could not read dos header from C:\Windows\system32\uxtheme.dll
[0107/144901.349:ERROR:process_memory_win.cc(73)] ReadMemory at 0x77547144 of 4 bytes failed: Only part of a ReadProcessMemory or WriteProcessMemory request was completed. (0x12B)
[0107/144901.349:ERROR:process_snapshot_win.cc(311)] failed to read target address
[0107/144901.431:ERROR:process_memory_win.cc(73)] ReadMemory at 0xf90000 of 64 bytes failed: Only part of a ReadProcessMemory or WriteProcessMemory request was completed. (0x12B)
[0107/144901.431:WARNING:pe_image_reader.cc(340)] could not read dos header from C:\Program Files\Google\Chrome\Application\chrome.exe
[0107/144901.431:ERROR:process_memory_win.cc(73)] ReadMemory at 0x77470000 of 64 bytes failed: Only part of a ReadProcessMemory or WriteProcessMemory request was completed. (0x12B)
[0107/144901.431:WARNING:pe_image_reader.cc(340)] could not read dos header from C:\Windows\SYSTEM32\ntdll.dll
[0107/144901.431:ERROR:process_memory_win.cc(73)] ReadMemory at 0x76b80000 of 64 bytes failed: Only part of a ReadProcessMemory or WriteProcessMemory request was completed. (0x12B)
[0107/144901.431:WARNING:pe_image_reader.cc(340)] could not read dos header from C:\Windows\system32\kernel32.dll
[0107/144901.431:ERROR:process_memory_win.cc(73)] ReadMemory at 0x75840000 of 64 bytes failed: Only part of a ReadProcessMemory or WriteProcessMemory request was completed. (0x12B)
[0107/144901.431:WARNING:pe_image_reader.cc(340)] could not read dos header from C:\Windows\system32\KERNELBASE.dll
[0107/144901.431:ERROR:process_memory_win.cc(73)] ReadMemory at 0x635a0000 of 64 bytes failed: Only part of a ReadProcessMemory or WriteProcessMemory request was completed. (0x12B)
[0107/144901.431:WARNING:pe_image_reader.cc(340)] could not read dos header from C:\Program Files\Google\Chrome\Application\79.0.3945.88\chrome_elf.dll
[0107/144901.431:ERROR:process_memory_win.cc(73)] ReadMemory at 0x74ac0000 of 64 bytes failed: Only part of a ReadProcessMemory or WriteProcessMemory request was completed. (0x12B)
[0107/144901.431:WARNING:pe_image_reader.cc(340)] could not read dos header from C:\Windows\system32\VERSION.dll
[0107/144901.431:ERROR:process_memory_win.cc(73)] ReadMemory at 0x76a10000 of 64 bytes failed: Only part of a ReadProcessMemory or WriteProcessMemory request was completed. (0x12B)
[0107/144901.431:WARNING:pe_image_reader.cc(340)] could not read dos header from C:\Windows\system32\msvcrt.dll
[0107/144901.431:ERROR:process_memory_win.cc(73)] ReadMemory at 0x75ac0000 of 64 bytes failed: Only part of a ReadProcessMemory or WriteProcessMemory request was completed. (0x12B)
[0107/144901.431:WARNING:pe_image_reader.cc(340)] could not read dos header from C:\Windows\system32\SHELL32.dll
[0107/144901.431:ERROR:process_memory_win.cc(73)] ReadMemory at 0x76870000 of 64 bytes failed: Only part of a ReadProcessMemory or WriteProcessMemory request was completed. (0x12B)
[0107/144901.431:WARNING:pe_image_reader.cc(340)] could not read dos header from C:\Windows\system32\SHLWAPI.dll
[0107/144901.431:ERROR:process_memory_win.cc(73)] ReadMemory at 0x76710000 of 64 bytes failed: Only part of a ReadProcessMemory or WriteProcessMemory request was completed. (0x12B)
[0107/144901.431:WARNING:pe_image_reader.cc(340)] could not read dos header from C:\Windows\system32\GDI32.dll
[0107/144901.431:ERROR:process_memory_win.cc(73)] ReadMemory at 0x76e30000 of 64 bytes failed: Only part of a ReadProcessMemory or WriteProcessMemory request was completed. (0x12B)
[0107/144901.431:WARNING:pe_image_reader.cc(340)] could not read dos header from C:\Windows\system32\USER32.dll
[0107/144901.431:ERROR:process_memory_win.cc(73)] ReadMemory at 0x77660000 of 64 bytes failed: Only part of a ReadProcessMemory or WriteProcessMemory request was completed. (0x12B)
[0107/144901.431:WARNING:pe_image_reader.cc(340)] could not read dos header from C:\Windows\system32\LPK.dll
[0107/144901.431:ERROR:process_memory_win.cc(73)] ReadMemory at 0x758c0000 of 64 bytes failed: Only part of a ReadProcessMemory or WriteProcessMemory request was completed. (0x12B)
[0107/144901.431:WARNING:pe_image_reader.cc(340)] could not read dos header from C:\Windows\system32\USP10.dll
[0107/144901.431:ERROR:process_memory_win.cc(73)] ReadMemory at 0x76b60000 of 64 bytes failed: Only part of a ReadProcessMemory or WriteProcessMemory request was completed. (0x12B)
[0107/144901.431:WARNING:pe_image_reader.cc(340)] could not read dos header from C:\Windows\system32\IMM32.DLL
[0107/144901.431:ERROR:process_memory_win.cc(73)] ReadMemory at 0x77200000 of 64 bytes failed: Only part of a ReadProcessMemory or WriteProcessMemory request was completed. (0x12B)
[0107/144901.431:WARNING:pe_image_reader.cc(340)] could not read dos header from C:\Windows\system32\MSCTF.dll
[0107/144901.431:ERROR:process_memory_win.cc(73)] ReadMemory at 0x71560000 of 64 bytes failed: Only part of a ReadProcessMemory or WriteProcessMemory request was completed. (0x12B)
[0107/144901.431:WARNING:pe_image_reader.cc(340)] could not read dos header from C:\Windows\system32\WINMM.dll
[0107/144901.431:ERROR:process_memory_win.cc(73)] ReadMemory at 0x76ac0000 of 64 bytes failed: Only part of a ReadProcessMemory or WriteProcessMemory request was completed. (0x12B)
[0107/144901.431:WARNING:pe_image_reader.cc(340)] could not read dos header from C:\Windows\system32\ADVAPI32.dll
[0107/144901.431:ERROR:process_memory_win.cc(73)] ReadMemory at 0x77640000 of 64 bytes failed: Only part of a ReadProcessMemory or WriteProcessMemory request was completed. (0x12B)
[0107/144901.432:WARNING:pe_image_reader.cc(340)] could not read dos header from C:\Windows\SYSTEM32\sechost.dll
[0107/144901.432:ERROR:process_memory_win.cc(73)] ReadMemory at 0x76cf0000 of 64 bytes failed: Only part of a ReadProcessMemory or WriteProcessMemory request was completed. (0x12B)
[0107/144901.432:WARNING:pe_image_reader.cc(340)] could not read dos header from C:\Windows\system32\RPCRT4.dll
[0107/144901.432:ERROR:process_memory_win.cc(73)] ReadMemory at 0xf250000 of 64 bytes failed: Only part of a ReadProcessMemory or WriteProcessMemory request was completed. (0x12B)
[0107/144901.432:WARNING:pe_image_reader.cc(340)] could not read dos header from C:\Program Files\Google\Chrome\Application\79.0.3945.88\chrome_child.dll
[0107/144901.432:ERROR:process_memory_win.cc(73)] ReadMemory at 0x76c60000 of 64 bytes failed: Only part of a ReadProcessMemory or WriteProcessMemory request was completed. (0x12B)
[0107/144901.432:WARNING:pe_image_reader.cc(340)] could not read dos header from C:\Windows\system32\OLEAUT32.dll
[0107/144901.432:ERROR:process_memory_win.cc(73)] ReadMemory at 0x75960000 of 64 bytes failed: Only part of a ReadProcessMemory or WriteProcessMemory request was completed. (0x12B)
[0107/144901.432:WARNING:pe_image_reader.cc(340)] could not read dos header from C:\Windows\system32\ole32.dll
[0107/144901.432:ERROR:process_memory_win.cc(73)] ReadMemory at 0x76df0000 of 64 bytes failed: Only part of a ReadProcessMemory or WriteProcessMemory request was completed. (0x12B)
[0107/144901.432:WARNING:pe_image_reader.cc(340)] could not read dos header from C:\Windows\system32\WS2_32.dll
[0107/144901.432:ERROR:process_memory_win.cc(73)] ReadMemory at 0x775d0000 of 64 bytes failed: Only part of a ReadProcessMemory or WriteProcessMemory request was completed. (0x12B)
[0107/144901.432:WARNING:pe_image_reader.cc(340)] could not read dos header from C:\Windows\system32\NSI.dll
[0107/144901.432:ERROR:process_memory_win.cc(73)] ReadMemory at 0x73bf0000 of 64 bytes failed: Only part of a ReadProcessMemory or WriteProcessMemory request was completed. (0x12B)
[0107/144901.432:WARNING:pe_image_reader.cc(340)] could not read dos header from C:\Windows\system32\IPHLPAPI.DLL
[0107/144901.432:ERROR:process_memory_win.cc(73)] ReadMemory at 0x73be0000 of 64 bytes failed: Only part of a ReadProcessMemory or WriteProcessMemory request was completed. (0x12B)
[0107/144901.432:WARNING:pe_image_reader.cc(340)] could not read dos header from C:\Windows\system32\WINNSI.DLL
[0107/144901.432:ERROR:process_memory_win.cc(73)] ReadMemory at 0x75640000 of 64 bytes failed: Only part of a ReadProcessMemory or WriteProcessMemory request was completed. (0x12B)
[0107/144901.432:WARNING:pe_image_reader.cc(340)] could not read dos header from C:\Windows\system32\WINTRUST.dll
[0107/144901.432:ERROR:process_memory_win.cc(73)] ReadMemory at 0x75720000 of 64 bytes failed: Only part of a ReadProcessMemory or WriteProcessMemory request was completed. (0x12B)
[0107/144901.432:WARNING:pe_image_reader.cc(340)] could not read dos header from C:\Windows\system32\CRYPT32.dll
[0107/144901.432:ERROR:process_memory_win.cc(73)] ReadMemory at 0x75630000 of 64 bytes failed: Only part of a ReadProcessMemory or WriteProcessMemory request was completed. (0x12B)
[0107/144901.432:WARNING:pe_image_reader.cc(340)] could not read dos header from C:\Windows\system32\MSASN1.dll
[0107/144901.432:ERROR:process_memory_win.cc(73)] ReadMemory at 0x74c20000 of 64 bytes failed: Only part of a ReadProcessMemory or WriteProcessMemory request was completed. (0x12B)
[0107/144901.432:WARNING:pe_image_reader.cc(340)] could not read dos header from C:\Windows\system32\USERENV.dll
[0107/144901.432:ERROR:process_memory_win.cc(73)] ReadMemory at 0x755c0000 of 64 bytes failed: Only part of a ReadProcessMemory or WriteProcessMemory request was completed. (0x12B)
[0107/144901.432:WARNING:pe_image_reader.cc(340)] could not read dos header from C:\Windows\system32\profapi.dll
[0107/144901.432:ERROR:process_memory_win.cc(73)] ReadMemory at 0x6d970000 of 64 bytes failed: Only part of a ReadProcessMemory or WriteProcessMemory request was completed. (0x12B)
[0107/144901.432:WARNING:pe_image_reader.cc(340)] could not read dos header from C:\Windows\system32\DWrite.dll
[0107/144901.432:ERROR:process_memory_win.cc(73)] ReadMemory at 0x712b0000 of 64 bytes failed: Only part of a ReadProcessMemory or WriteProcessMemory request was completed. (0x12B)
[0107/144901.432:WARNING:pe_image_reader.cc(340)] could not read dos header from C:\Windows\system32\WINSPOOL.DRV
[0107/144901.432:ERROR:process_memory_win.cc(73)] ReadMemory at 0x708d0000 of 64 bytes failed: Only part of a ReadProcessMemory or WriteProcessMemory request was completed. (0x12B)
[0107/144901.432:WARNING:pe_image_reader.cc(340)] could not read dos header from C:\Windows\system32\dbghelp.dll
[0107/144901.432:ERROR:process_memory_win.cc(73)] ReadMemory at 0x75460000 of 64 bytes failed: Only part of a ReadProcessMemory or WriteProcessMemory request was completed. (0x12B)
[0107/144901.432:WARNING:pe_image_reader.cc(340)] could not read dos header from C:\Windows\system32\Secur32.dll
[0107/144901.432:ERROR:process_memory_win.cc(73)] ReadMemory at 0x754a0000 of 64 bytes failed: Only part of a ReadProcessMemory or WriteProcessMemory request was completed. (0x12B)
[0107/144901.432:WARNING:pe_image_reader.cc(340)] could not read dos header from C:\Windows\system32\SSPICLI.DLL
[0107/144901.432:ERROR:process_memory_win.cc(73)] ReadMemory at 0x70bf0000 of 64 bytes failed: Only part of a ReadProcessMemory or WriteProcessMemory request was completed. (0x12B)
[0107/144901.432:WARNING:pe_image_reader.cc(340)] could not read dos header from C:\Windows\system32\WINHTTP.dll
[0107/144901.432:ERROR:process_memory_win.cc(73)] ReadMemory at 0x70ba0000 of 64 bytes failed: Only part of a ReadProcessMemory or WriteProcessMemory request was completed. (0x12B)
[0107/144901.432:WARNING:pe_image_reader.cc(340)] could not read dos header from C:\Windows\system32\webio.dll
[0107/144901.432:ERROR:process_memory_win.cc(73)] ReadMemory at 0x738e0000 of 64 bytes failed: Only part of a ReadProcessMemory or WriteProcessMemory request was completed. (0x12B)
[0107/144901.432:WARNING:pe_image_reader.cc(340)] could not read dos header from C:\Windows\system32\dhcpcsvc.DLL
[0107/144901.432:ERROR:process_memory_win.cc(73)] ReadMemory at 0x75510000 of 64 bytes failed: Only part of a ReadProcessMemory or WriteProcessMemory request was completed. (0x12B)
[0107/144901.432:WARNING:pe_image_reader.cc(340)] could not read dos header from C:\Windows\system32\cryptbase.dll
[0107/144901.432:ERROR:process_memory_win.cc(73)] ReadMemory at 0x742b0000 of 64 bytes failed: Only part of a ReadProcessMemory or WriteProcessMemory request was completed. (0x12B)
[0107/144901.433:WARNING:pe_image_reader.cc(340)] could not read dos header from C:\Windows\system32\uxtheme.dll
[0107/144901.516:ERROR:process_memory_win.cc(73)] ReadMemory at 0xf90000 of 64 bytes failed: Only part of a ReadProcessMemory or WriteProcessMemory request was completed. (0x12B)
[0107/144901.516:WARNING:pe_image_reader.cc(340)] could not read dos header from C:\Program Files\Google\Chrome\Application\chrome.exe
[0107/144901.516:ERROR:process_memory_win.cc(73)] ReadMemory at 0xf90000 of 64 bytes failed: Only part of a ReadProcessMemory or WriteProcessMemory request was completed. (0x12B)
[0107/144901.516:WARNING:pe_image_reader.cc(340)] could not read dos header from C:\Program Files\Google\Chrome\Application\chrome.exe
[0107/144901.516:ERROR:process_memory_win.cc(73)] ReadMemory at 0x77470000 of 64 bytes failed: Only part of a ReadProcessMemory or WriteProcessMemory request was completed. (0x12B)
[0107/144901.516:WARNING:pe_image_reader.cc(340)] could not read dos header from C:\Windows\SYSTEM32\ntdll.dll
[0107/144901.516:ERROR:process_memory_win.cc(73)] ReadMemory at 0x77470000 of 64 bytes failed: Only part of a ReadProcessMemory or WriteProcessMemory request was completed. (0x12B)
[0107/144901.517:WARNING:pe_image_reader.cc(340)] could not read dos header from C:\Windows\SYSTEM32\ntdll.dll
[0107/144901.517:ERROR:process_memory_win.cc(73)] ReadMemory at 0x76b80000 of 64 bytes failed: Only part of a ReadProcessMemory or WriteProcessMemory request was completed. (0x12B)
[0107/144901.517:WARNING:pe_image_reader.cc(340)] could not read dos header from C:\Windows\system32\kernel32.dll
[0107/144901.517:ERROR:process_memory_win.cc(73)] ReadMemory at 0x76b80000 of 64 bytes failed: Only part of a ReadProcessMemory or WriteProcessMemory request was completed. (0x12B)
[0107/144901.517:WARNING:pe_image_reader.cc(340)] could not read dos header from C:\Windows\system32\kernel32.dll
[0107/144901.517:ERROR:process_memory_win.cc(73)] ReadMemory at 0x75840000 of 64 bytes failed: Only part of a ReadProcessMemory or WriteProcessMemory request was completed. (0x12B)
[0107/144901.517:WARNING:pe_image_reader.cc(340)] could not read dos header from C:\Windows\system32\KERNELBASE.dll
[0107/144901.517:ERROR:process_memory_win.cc(73)] ReadMemory at 0x75840000 of 64 bytes failed: Only part of a ReadProcessMemory or WriteProcessMemory request was completed. (0x12B)
[0107/144901.517:WARNING:pe_image_reader.cc(340)] could not read dos header from C:\Windows\system32\KERNELBASE.dll
[0107/144901.517:ERROR:process_memory_win.cc(73)] ReadMemory at 0x635a0000 of 64 bytes failed: Only part of a ReadProcessMemory or WriteProcessMemory request was completed. (0x12B)
[0107/144901.517:WARNING:pe_image_reader.cc(340)] could not read dos header from C:\Program Files\Google\Chrome\Application\79.0.3945.88\chrome_elf.dll
[0107/144901.517:ERROR:process_memory_win.cc(73)] ReadMemory at 0x635a0000 of 64 bytes failed: Only part of a ReadProcessMemory or WriteProcessMemory request was completed. (0x12B)
[0107/144901.517:WARNING:pe_image_reader.cc(340)] could not read dos header from C:\Program Files\Google\Chrome\Application\79.0.3945.88\chrome_elf.dll
[0107/144901.517:ERROR:process_memory_win.cc(73)] ReadMemory at 0x74ac0000 of 64 bytes failed: Only part of a ReadProcessMemory or WriteProcessMemory request was completed. (0x12B)
[0107/144901.517:WARNING:pe_image_reader.cc(340)] could not read dos header from C:\Windows\system32\VERSION.dll
[0107/144901.517:ERROR:process_memory_win.cc(73)] ReadMemory at 0x74ac0000 of 64 bytes failed: Only part of a ReadProcessMemory or WriteProcessMemory request was completed. (0x12B)
[0107/144901.517:WARNING:pe_image_reader.cc(340)] could not read dos header from C:\Windows\system32\VERSION.dll
[0107/144901.517:ERROR:process_memory_win.cc(73)] ReadMemory at 0x76a10000 of 64 bytes failed: Only part of a ReadProcessMemory or WriteProcessMemory request was completed. (0x12B)
[0107/144901.517:WARNING:pe_image_reader.cc(340)] could not read dos header from C:\Windows\system32\msvcrt.dll
[0107/144901.517:ERROR:process_memory_win.cc(73)] ReadMemory at 0x76a10000 of 64 bytes failed: Only part of a ReadProcessMemory or WriteProcessMemory request was completed. (0x12B)
[0107/144901.517:WARNING:pe_image_reader.cc(340)] could not read dos header from C:\Windows\system32\msvcrt.dll
[0107/144901.517:ERROR:process_memory_win.cc(73)] ReadMemory at 0x75ac0000 of 64 bytes failed: Only part of a ReadProcessMemory or WriteProcessMemory request was completed. (0x12B)
[0107/144901.517:WARNING:pe_image_reader.cc(340)] could not read dos header from C:\Windows\system32\SHELL32.dll
[0107/144901.517:ERROR:process_memory_win.cc(73)] ReadMemory at 0x75ac0000 of 64 bytes failed: Only part of a ReadProcessMemory or WriteProcessMemory request was completed. (0x12B)
[0107/144901.517:WARNING:pe_image_reader.cc(340)] could not read dos header from C:\Windows\system32\SHELL32.dll
[0107/144901.517:ERROR:process_memory_win.cc(73)] ReadMemory at 0x76870000 of 64 bytes failed: Only part of a ReadProcessMemory or WriteProcessMemory request was completed. (0x12B)
[0107/144901.517:WARNING:pe_image_reader.cc(340)] could not read dos header from C:\Windows\system32\SHLWAPI.dll
[0107/144901.517:ERROR:process_memory_win.cc(73)] ReadMemory at 0x76870000 of 64 bytes failed: Only part of a ReadProcessMemory or WriteProcessMemory request was completed. (0x12B)
[0107/144901.517:WARNING:pe_image_reader.cc(340)] could not read dos header from C:\Windows\system32\SHLWAPI.dll
[0107/144901.517:ERROR:process_memory_win.cc(73)] ReadMemory at 0x76710000 of 64 bytes failed: Only part of a ReadProcessMemory or WriteProcessMemory request was completed. (0x12B)
[0107/144901.517:WARNING:pe_image_reader.cc(340)] could not read dos header from C:\Windows\system32\GDI32.dll
[0107/144901.517:ERROR:process_memory_win.cc(73)] ReadMemory at 0x76710000 of 64 bytes failed: Only part of a ReadProcessMemory or WriteProcessMemory request was completed. (0x12B)
[0107/144901.517:WARNING:pe_image_reader.cc(340)] could not read dos header from C:\Windows\system32\GDI32.dll
[0107/144901.517:ERROR:process_memory_win.cc(73)] ReadMemory at 0x76e30000 of 64 bytes failed: Only part of a ReadProcessMemory or WriteProcessMemory request was completed. (0x12B)
[0107/144901.517:WARNING:pe_image_reader.cc(340)] could not read dos header from C:\Windows\system32\USER32.dll
[0107/144901.517:ERROR:process_memory_win.cc(73)] ReadMemory at 0x76e30000 of 64 bytes failed: Only part of a ReadProcessMemory or WriteProcessMemory request was completed. (0x12B)
[0107/144901.517:WARNING:pe_image_reader.cc(340)] could not read dos header from C:\Windows\system32\USER32.dll
[0107/144901.517:ERROR:process_memory_win.cc(73)] ReadMemory at 0x77660000 of 64 bytes failed: Only part of a ReadProcessMemory or WriteProcessMemory request was completed. (0x12B)
[0107/144901.517:WARNING:pe_image_reader.cc(340)] could not read dos header from C:\Windows\system32\LPK.dll
[0107/144901.517:ERROR:process_memory_win.cc(73)] ReadMemory at 0x77660000 of 64 bytes failed: Only part of a ReadProcessMemory or WriteProcessMemory request was completed. (0x12B)
[0107/144901.517:WARNING:pe_image_reader.cc(340)] could not read dos header from C:\Windows\system32\LPK.dll
[0107/144901.517:ERROR:process_memory_win.cc(73)] ReadMemory at 0x758c0000 of 64 bytes failed: Only part of a ReadProcessMemory or WriteProcessMemory request was completed. (0x12B)
[0107/144901.517:WARNING:pe_image_reader.cc(340)] could not read dos header from C:\Windows\system32\USP10.dll
[0107/144901.517:ERROR:process_memory_win.cc(73)] ReadMemory at 0x758c0000 of 64 bytes failed: Only part of a ReadProcessMemory or WriteProcessMemory request was completed. (0x12B)
[0107/144901.517:WARNING:pe_image_reader.cc(340)] could not read dos header from C:\Windows\system32\USP10.dll
[0107/144901.517:ERROR:process_memory_win.cc(73)] ReadMemory at 0x76b60000 of 64 bytes failed: Only part of a ReadProcessMemory or WriteProcessMemory request was completed. (0x12B)
[0107/144901.517:WARNING:pe_image_reader.cc(340)] could not read dos header from C:\Windows\system32\IMM32.DLL
[0107/144901.518:ERROR:process_memory_win.cc(73)] ReadMemory at 0x76b60000 of 64 bytes failed: Only part of a ReadProcessMemory or WriteProcessMemory request was completed. (0x12B)
[0107/144901.518:WARNING:pe_image_reader.cc(340)] could not read dos header from C:\Windows\system32\IMM32.DLL
[0107/144901.518:ERROR:process_memory_win.cc(73)] ReadMemory at 0x77200000 of 64 bytes failed: Only part of a ReadProcessMemory or WriteProcessMemory request was completed. (0x12B)
[0107/144901.518:WARNING:pe_image_reader.cc(340)] could not read dos header from C:\Windows\system32\MSCTF.dll
[0107/144901.518:ERROR:process_memory_win.cc(73)] ReadMemory at 0x77200000 of 64 bytes failed: Only part of a ReadProcessMemory or WriteProcessMemory request was completed. (0x12B)
[0107/144901.518:WARNING:pe_image_reader.cc(340)] could not read dos header from C:\Windows\system32\MSCTF.dll
[0107/144901.518:ERROR:process_memory_win.cc(73)] ReadMemory at 0x71560000 of 64 bytes failed: Only part of a ReadProcessMemory or WriteProcessMemory request was completed. (0x12B)
[0107/144901.518:WARNING:pe_image_reader.cc(340)] could not read dos header from C:\Windows\system32\WINMM.dll
[0107/144901.518:ERROR:process_memory_win.cc(73)] ReadMemory at 0x71560000 of 64 bytes failed: Only part of a ReadProcessMemory or WriteProcessMemory request was completed. (0x12B)
[0107/144901.518:WARNING:pe_image_reader.cc(340)] could not read dos header from C:\Windows\system32\WINMM.dll
[0107/144901.518:ERROR:process_memory_win.cc(73)] ReadMemory at 0x76ac0000 of 64 bytes failed: Only part of a ReadProcessMemory or WriteProcessMemory request was completed. (0x12B)
[0107/144901.518:WARNING:pe_image_reader.cc(340)] could not read dos header from C:\Windows\system32\ADVAPI32.dll
[0107/144901.518:ERROR:process_memory_win.cc(73)] ReadMemory at 0x76ac0000 of 64 bytes failed: Only part of a ReadProcessMemory or WriteProcessMemory request was completed. (0x12B)
[0107/144901.518:WARNING:pe_image_reader.cc(340)] could not read dos header from C:\Windows\system32\ADVAPI32.dll
[0107/144901.518:ERROR:process_memory_win.cc(73)] ReadMemory at 0x77640000 of 64 bytes failed: Only part of a ReadProcessMemory or WriteProcessMemory request was completed. (0x12B)
[0107/144901.518:WARNING:pe_image_reader.cc(340)] could not read dos header from C:\Windows\SYSTEM32\sechost.dll
[0107/144901.518:ERROR:process_memory_win.cc(73)] ReadMemory at 0x77640000 of 64 bytes failed: Only part of a ReadProcessMemory or WriteProcessMemory request was completed. (0x12B)
[0107/144901.518:WARNING:pe_image_reader.cc(340)] could not read dos header from C:\Windows\SYSTEM32\sechost.dll
[0107/144901.518:ERROR:process_memory_win.cc(73)] ReadMemory at 0x76cf0000 of 64 bytes failed: Only part of a ReadProcessMemory or WriteProcessMemory request was completed. (0x12B)
[0107/144901.518:WARNING:pe_image_reader.cc(340)] could not read dos header from C:\Windows\system32\RPCRT4.dll
[0107/144901.518:ERROR:process_memory_win.cc(73)] ReadMemory at 0x76cf0000 of 64 bytes failed: Only part of a ReadProcessMemory or WriteProcessMemory request was completed. (0x12B)
[0107/144901.518:WARNING:pe_image_reader.cc(340)] could not read dos header from C:\Windows\system32\RPCRT4.dll
[0107/144901.518:ERROR:process_memory_win.cc(73)] ReadMemory at 0xf250000 of 64 bytes failed: Only part of a ReadProcessMemory or WriteProcessMemory request was completed. (0x12B)
[0107/144901.518:WARNING:pe_image_reader.cc(340)] could not read dos header from C:\Program Files\Google\Chrome\Application\79.0.3945.88\chrome_child.dll
[0107/144901.518:ERROR:process_memory_win.cc(73)] ReadMemory at 0xf250000 of 64 bytes failed: Only part of a ReadProcessMemory or WriteProcessMemory request was completed. (0x12B)
[0107/144901.518:WARNING:pe_image_reader.cc(340)] could not read dos header from C:\Program Files\Google\Chrome\Application\79.0.3945.88\chrome_child.dll
[0107/144901.518:ERROR:process_memory_win.cc(73)] ReadMemory at 0x76c60000 of 64 bytes failed: Only part of a ReadProcessMemory or WriteProcessMemory request was completed. (0x12B)
[0107/144901.518:WARNING:pe_image_reader.cc(340)] could not read dos header from C:\Windows\system32\OLEAUT32.dll
[0107/144901.518:ERROR:process_memory_win.cc(73)] ReadMemory at 0x76c60000 of 64 bytes failed: Only part of a ReadProcessMemory or WriteProcessMemory request was completed. (0x12B)
[0107/144901.518:WARNING:pe_image_reader.cc(340)] could not read dos header from C:\Windows\system32\OLEAUT32.dll
[0107/144901.518:ERROR:process_memory_win.cc(73)] ReadMemory at 0x75960000 of 64 bytes failed: Only part of a ReadProcessMemory or WriteProcessMemory request was completed. (0x12B)
[0107/144901.518:WARNING:pe_image_reader.cc(340)] could not read dos header from C:\Windows\system32\ole32.dll
[0107/144901.518:ERROR:process_memory_win.cc(73)] ReadMemory at 0x75960000 of 64 bytes failed: Only part of a ReadProcessMemory or WriteProcessMemory request was completed. (0x12B)
[0107/144901.518:WARNING:pe_image_reader.cc(340)] could not read dos header from C:\Windows\system32\ole32.dll
[0107/144901.518:ERROR:process_memory_win.cc(73)] ReadMemory at 0x76df0000 of 64 bytes failed: Only part of a ReadProcessMemory or WriteProcessMemory request was completed. (0x12B)
[0107/144901.518:WARNING:pe_image_reader.cc(340)] could not read dos header from C:\Windows\system32\WS2_32.dll
[0107/144901.518:ERROR:process_memory_win.cc(73)] ReadMemory at 0x76df0000 of 64 bytes failed: Only part of a ReadProcessMemory or WriteProcessMemory request was completed. (0x12B)
[0107/144901.518:WARNING:pe_image_reader.cc(340)] could not read dos header from C:\Windows\system32\WS2_32.dll
[0107/144901.518:ERROR:process_memory_win.cc(73)] ReadMemory at 0x775d0000 of 64 bytes failed: Only part of a ReadProcessMemory or WriteProcessMemory request was completed. (0x12B)
[0107/144901.518:WARNING:pe_image_reader.cc(340)] could not read dos header from C:\Windows\system32\NSI.dll
[0107/144901.518:ERROR:process_memory_win.cc(73)] ReadMemory at 0x775d0000 of 64 bytes failed: Only part of a ReadProcessMemory or WriteProcessMemory request was completed. (0x12B)
[0107/144901.518:WARNING:pe_image_reader.cc(340)] could not read dos header from C:\Windows\system32\NSI.dll
[0107/144901.518:ERROR:process_memory_win.cc(73)] ReadMemory at 0x73bf0000 of 64 bytes failed: Only part of a ReadProcessMemory or WriteProcessMemory request was completed. (0x12B)
[0107/144901.518:WARNING:pe_image_reader.cc(340)] could not read dos header from C:\Windows\system32\IPHLPAPI.DLL
[0107/144901.518:ERROR:process_memory_win.cc(73)] ReadMemory at 0x73bf0000 of 64 bytes failed: Only part of a ReadProcessMemory or WriteProcessMemory request was completed. (0x12B)
[0107/144901.518:WARNING:pe_image_reader.cc(340)] could not read dos header from C:\Windows\system32\IPHLPAPI.DLL
[0107/144901.518:ERROR:process_memory_win.cc(73)] ReadMemory at 0x73be0000 of 64 bytes failed: Only part of a ReadProcessMemory or WriteProcessMemory request was completed. (0x12B)
[0107/144901.518:WARNING:pe_image_reader.cc(340)] could not read dos header from C:\Windows\system32\WINNSI.DLL
[0107/144901.518:ERROR:process_memory_win.cc(73)] ReadMemory at 0x73be0000 of 64 bytes failed: Only part of a ReadProcessMemory or WriteProcessMemory request was completed. (0x12B)
[0107/144901.519:WARNING:pe_image_reader.cc(340)] could not read dos header from C:\Windows\system32\WINNSI.DLL
[0107/144901.519:ERROR:process_memory_win.cc(73)] ReadMemory at 0x75640000 of 64 bytes failed: Only part of a ReadProcessMemory or WriteProcessMemory request was completed. (0x12B)
[0107/144901.519:WARNING:pe_image_reader.cc(340)] could not read dos header from C:\Windows\system32\WINTRUST.dll
[0107/144901.519:ERROR:process_memory_win.cc(73)] ReadMemory at 0x75640000 of 64 bytes failed: Only part of a ReadProcessMemory or WriteProcessMemory request was completed. (0x12B)
[0107/144901.519:WARNING:pe_image_reader.cc(340)] could not read dos header from C:\Windows\system32\WINTRUST.dll
[0107/144901.519:ERROR:process_memory_win.cc(73)] ReadMemory at 0x75720000 of 64 bytes failed: Only part of a ReadProcessMemory or WriteProcessMemory request was completed. (0x12B)
[0107/144901.519:WARNING:pe_image_reader.cc(340)] could not read dos header from C:\Windows\system32\CRYPT32.dll
[0107/144901.519:ERROR:process_memory_win.cc(73)] ReadMemory at 0x75720000 of 64 bytes failed: Only part of a ReadProcessMemory or WriteProcessMemory request was completed. (0x12B)
[0107/144901.519:WARNING:pe_image_reader.cc(340)] could not read dos header from C:\Windows\system32\CRYPT32.dll
[0107/144901.519:ERROR:process_memory_win.cc(73)] ReadMemory at 0x75630000 of 64 bytes failed: Only part of a ReadProcessMemory or WriteProcessMemory request was completed. (0x12B)
[0107/144901.519:WARNING:pe_image_reader.cc(340)] could not read dos header from C:\Windows\system32\MSASN1.dll
[0107/144901.519:ERROR:process_memory_win.cc(73)] ReadMemory at 0x75630000 of 64 bytes failed: Only part of a ReadProcessMemory or WriteProcessMemory request was completed. (0x12B)
[0107/144901.519:WARNING:pe_image_reader.cc(340)] could not read dos header from C:\Windows\system32\MSASN1.dll
[0107/144901.519:ERROR:process_memory_win.cc(73)] ReadMemory at 0x74c20000 of 64 bytes failed: Only part of a ReadProcessMemory or WriteProcessMemory request was completed. (0x12B)
[0107/144901.519:WARNING:pe_image_reader.cc(340)] could not read dos header from C:\Windows\system32\USERENV.dll
[0107/144901.519:ERROR:process_memory_win.cc(73)] ReadMemory at 0x74c20000 of 64 bytes failed: Only part of a ReadProcessMemory or WriteProcessMemory request was completed. (0x12B)
[0107/144901.519:WARNING:pe_image_reader.cc(340)] could not read dos header from C:\Windows\system32\USERENV.dll
[0107/144901.519:ERROR:process_memory_win.cc(73)] ReadMemory at 0x755c0000 of 64 bytes failed: Only part of a ReadProcessMemory or WriteProcessMemory request was completed. (0x12B)
[0107/144901.519:WARNING:pe_image_reader.cc(340)] could not read dos header from C:\Windows\system32\profapi.dll
[0107/144901.519:ERROR:process_memory_win.cc(73)] ReadMemory at 0x755c0000 of 64 bytes failed: Only part of a ReadProcessMemory or WriteProcessMemory request was completed. (0x12B)
[0107/144901.519:WARNING:pe_image_reader.cc(340)] could not read dos header from C:\Windows\system32\profapi.dll
[0107/144901.519:ERROR:process_memory_win.cc(73)] ReadMemory at 0x6d970000 of 64 bytes failed: Only part of a ReadProcessMemory or WriteProcessMemory request was completed. (0x12B)
[0107/144901.519:WARNING:pe_image_reader.cc(340)] could not read dos header from C:\Windows\system32\DWrite.dll
[0107/144901.519:ERROR:process_memory_win.cc(73)] ReadMemory at 0x6d970000 of 64 bytes failed: Only part of a ReadProcessMemory or WriteProcessMemory request was completed. (0x12B)
[0107/144901.519:WARNING:pe_image_reader.cc(340)] could not read dos header from C:\Windows\system32\DWrite.dll
[0107/144901.519:ERROR:process_memory_win.cc(73)] ReadMemory at 0x712b0000 of 64 bytes failed: Only part of a ReadProcessMemory or WriteProcessMemory request was completed. (0x12B)
[0107/144901.519:WARNING:pe_image_reader.cc(340)] could not read dos header from C:\Windows\system32\WINSPOOL.DRV
[0107/144901.519:ERROR:process_memory_win.cc(73)] ReadMemory at 0x712b0000 of 64 bytes failed: Only part of a ReadProcessMemory or WriteProcessMemory request was completed. (0x12B)
[0107/144901.519:WARNING:pe_image_reader.cc(340)] could not read dos header from C:\Windows\system32\WINSPOOL.DRV
[0107/144901.519:ERROR:process_memory_win.cc(73)] ReadMemory at 0x708d0000 of 64 bytes failed: Only part of a ReadProcessMemory or WriteProcessMemory request was completed. (0x12B)
[0107/144901.519:WARNING:pe_image_reader.cc(340)] could not read dos header from C:\Windows\system32\dbghelp.dll
[0107/144901.519:ERROR:process_memory_win.cc(73)] ReadMemory at 0x708d0000 of 64 bytes failed: Only part of a ReadProcessMemory or WriteProcessMemory request was completed. (0x12B)
[0107/144901.519:WARNING:pe_image_reader.cc(340)] could not read dos header from C:\Windows\system32\dbghelp.dll
[0107/144901.519:ERROR:process_memory_win.cc(73)] ReadMemory at 0x75460000 of 64 bytes failed: Only part of a ReadProcessMemory or WriteProcessMemory request was completed. (0x12B)
[0107/144901.519:WARNING:pe_image_reader.cc(340)] could not read dos header from C:\Windows\system32\Secur32.dll
[0107/144901.519:ERROR:process_memory_win.cc(73)] ReadMemory at 0x75460000 of 64 bytes failed: Only part of a ReadProcessMemory or WriteProcessMemory request was completed. (0x12B)
[0107/144901.519:WARNING:pe_image_reader.cc(340)] could not read dos header from C:\Windows\system32\Secur32.dll
[0107/144901.519:ERROR:process_memory_win.cc(73)] ReadMemory at 0x754a0000 of 64 bytes failed: Only part of a ReadProcessMemory or WriteProcessMemory request was completed. (0x12B)
[0107/144901.519:WARNING:pe_image_reader.cc(340)] could not read dos header from C:\Windows\system32\SSPICLI.DLL
[0107/144901.519:ERROR:process_memory_win.cc(73)] ReadMemory at 0x754a0000 of 64 bytes failed: Only part of a ReadProcessMemory or WriteProcessMemory request was completed. (0x12B)
[0107/144901.519:WARNING:pe_image_reader.cc(340)] could not read dos header from C:\Windows\system32\SSPICLI.DLL
[0107/144901.519:ERROR:process_memory_win.cc(73)] ReadMemory at 0x70bf0000 of 64 bytes failed: Only part of a ReadProcessMemory or WriteProcessMemory request was completed. (0x12B)
[0107/144901.520:WARNING:pe_image_reader.cc(340)] could not read dos header from C:\Windows\system32\WINHTTP.dll
[0107/144901.520:ERROR:process_memory_win.cc(73)] ReadMemory at 0x70bf0000 of 64 bytes failed: Only part of a ReadProcessMemory or WriteProcessMemory request was completed. (0x12B)
[0107/144901.520:WARNING:pe_image_reader.cc(340)] could not read dos header from C:\Windows\system32\WINHTTP.dll
[0107/144901.520:ERROR:process_memory_win.cc(73)] ReadMemory at 0x70ba0000 of 64 bytes failed: Only part of a ReadProcessMemory or WriteProcessMemory request was completed. (0x12B)
[0107/144901.520:WARNING:pe_image_reader.cc(340)] could not read dos header from C:\Windows\system32\webio.dll
[0107/144901.520:ERROR:process_memory_win.cc(73)] ReadMemory at 0x70ba0000 of 64 bytes failed: Only part of a ReadProcessMemory or WriteProcessMemory request was completed. (0x12B)
[0107/144901.520:WARNING:pe_image_reader.cc(340)] could not read dos header from C:\Windows\system32\webio.dll
[0107/144901.520:ERROR:process_memory_win.cc(73)] ReadMemory at 0x738e0000 of 64 bytes failed: Only part of a ReadProcessMemory or WriteProcessMemory request was completed. (0x12B)
[0107/144901.520:WARNING:pe_image_reader.cc(340)] could not read dos header from C:\Windows\system32\dhcpcsvc.DLL
[0107/144901.520:ERROR:process_memory_win.cc(73)] ReadMemory at 0x738e0000 of 64 bytes failed: Only part of a ReadProcessMemory or WriteProcessMemory request was completed. (0x12B)
[0107/144901.520:WARNING:pe_image_reader.cc(340)] could not read dos header from C:\Windows\system32\dhcpcsvc.DLL
[0107/144901.520:ERROR:process_memory_win.cc(73)] ReadMemory at 0x75510000 of 64 bytes failed: Only part of a ReadProcessMemory or WriteProcessMemory request was completed. (0x12B)
[0107/144901.520:WARNING:pe_image_reader.cc(340)] could not read dos header from C:\Windows\system32\cryptbase.dll
[0107/144901.520:ERROR:process_memory_win.cc(73)] ReadMemory at 0x75510000 of 64 bytes failed: Only part of a ReadProcessMemory or WriteProcessMemory request was completed. (0x12B)
[0107/144901.520:WARNING:pe_image_reader.cc(340)] could not read dos header from C:\Windows\system32\cryptbase.dll
[0107/144901.520:ERROR:process_memory_win.cc(73)] ReadMemory at 0x742b0000 of 64 bytes failed: Only part of a ReadProcessMemory or WriteProcessMemory request was completed. (0x12B)
[0107/144901.520:WARNING:pe_image_reader.cc(340)] could not read dos header from C:\Windows\system32\uxtheme.dll
[0107/144901.520:ERROR:process_memory_win.cc(73)] ReadMemory at 0x742b0000 of 64 bytes failed: Only part of a ReadProcessMemory or WriteProcessMemory request was completed. (0x12B)
[0107/144901.520:WARNING:pe_image_reader.cc(340)] could not read dos header from C:\Windows\system32\uxtheme.dll
[0107/144907.015:ERROR:process_memory_win.cc(73)] ReadMemory at 0x257000 of 36864 bytes failed: Only part of a ReadProcessMemory or WriteProcessMemory request was completed. (0x12B)
[0107/144907.015:ERROR:process_memory_win.cc(73)] ReadMemory at 0x345e000 of 8192 bytes failed: Only part of a ReadProcessMemory or WriteProcessMemory request was completed. (0x12B)
[0107/144907.015:ERROR:process_memory_win.cc(73)] ReadMemory at 0x31da000 of 24576 bytes failed: Only part of a ReadProcessMemory or WriteProcessMemory request was completed. (0x12B)
[0107/144907.016:ERROR:process_memory_win.cc(73)] ReadMemory at 0x35ae000 of 8192 bytes failed: Only part of a ReadProcessMemory or WriteProcessMemory request was completed. (0x12B)
[0107/144907.016:ERROR:process_memory_win.cc(73)] ReadMemory at 0x389d000 of 12288 bytes failed: Only part of a ReadProcessMemory or WriteProcessMemory request was completed. (0x12B)
[0107/144907.016:ERROR:process_memory_win.cc(73)] ReadMemory at 0x3a1f000 of 4096 bytes failed: Only part of a ReadProcessMemory or WriteProcessMemory request was completed. (0x12B)
[0107/144907.016:ERROR:process_memory_win.cc(73)] ReadMemory at 0x3bde000 of 8192 bytes failed: Only part of a ReadProcessMemory or WriteProcessMemory request was completed. (0x12B)
[0107/144907.016:ERROR:process_memory_win.cc(73)] ReadMemory at 0x378e000 of 8192 bytes failed: Only part of a ReadProcessMemory or WriteProcessMemory request was completed. (0x12B)
[0107/144907.016:ERROR:process_memory_win.cc(73)] ReadMemory at 0x459e000 of 8192 bytes failed: Only part of a ReadProcessMemory or WriteProcessMemory request was completed. (0x12B)
[0107/144907.016:ERROR:process_memory_win.cc(73)] ReadMemory at 0x447e000 of 8192 bytes failed: Only part of a ReadProcessMemory or WriteProcessMemory request was completed. (0x12B)
[0107/144907.016:ERROR:process_memory_win.cc(73)] ReadMemory at 0x469e000 of 8192 bytes failed: Only part of a ReadProcessMemory or WriteProcessMemory request was completed. (0x12B)
[0107/144907.016:ERROR:process_memory_win.cc(73)] ReadMemory at 0x49de000 of 8192 bytes failed: Only part of a ReadProcessMemory or WriteProcessMemory request was completed. (0x12B)
[0107/144907.017:ERROR:process_memory_win.cc(73)] ReadMemory at 0x61eb000 of 20480 bytes failed: Only part of a ReadProcessMemory or WriteProcessMemory request was completed. (0x12B)
[0107/144907.017:ERROR:process_memory_win.cc(73)] ReadMemory at 0x65de000 of 8192 bytes failed: Only part of a ReadProcessMemory or WriteProcessMemory request was completed. (0x12B)
[0107/144907.017:ERROR:process_memory_win.cc(73)] ReadMemory at 0x788e000 of 8192 bytes failed: Only part of a ReadProcessMemory or WriteProcessMemory request was completed. (0x12B)
[0107/144907.017:ERROR:process_memory_win.cc(73)] ReadMemory at 0x86a650 of 512 bytes failed: Only part of a ReadProcessMemory or WriteProcessMemory request was completed. (0x12B)
[0107/144907.017:ERROR:process_memory_win.cc(73)] ReadMemory at 0x8b07f0 of 26636 bytes failed: Only part of a ReadProcessMemory or WriteProcessMemory request was completed. (0x12B)
[0107/144907.017:ERROR:process_memory_win.cc(73)] ReadMemory at 0x8b7008 of 660 bytes failed: Only part of a ReadProcessMemory or WriteProcessMemory request was completed. (0x12B)
[0107/144907.017:ERROR:process_memory_win.cc(73)] ReadMemory at 0x8b74a8 of 2264 bytes failed: Only part of a ReadProcessMemory or WriteProcessMemory request was completed. (0x12B)
[0107/144907.017:ERROR:process_memory_win.cc(73)] ReadMemory at 0x8b7d82 of 106 bytes failed: Only part of a ReadProcessMemory or WriteProcessMemory request was completed. (0x12B)
[0107/144907.017:ERROR:process_memory_win.cc(73)] ReadMemory at 0x8b7dee of 804 bytes failed: Only part of a ReadProcessMemory or WriteProcessMemory request was completed. (0x12B)
[0107/144907.017:ERROR:process_memory_win.cc(73)] ReadMemory at 0x8b8114 of 106 bytes failed: Only part of a ReadProcessMemory or WriteProcessMemory request was completed. (0x12B)
[0107/144907.017:ERROR:process_memory_win.cc(73)] ReadMemory at 0x8b8180 of 96 bytes failed: Only part of a ReadProcessMemory or WriteProcessMemory request was completed. (0x12B)
[0107/144907.017:ERROR:process_memory_win.cc(73)] ReadMemory at 0x8b81f0 of 58 bytes failed: Only part of a ReadProcessMemory or WriteProcessMemory request was completed. (0x12B)
[0107/144907.018:ERROR:process_memory_win.cc(73)] ReadMemory at 0x8b8270 of 72 bytes failed: Only part of a ReadProcessMemory or WriteProcessMemory request was completed. (0x12B)
[0107/144907.018:ERROR:process_memory_win.cc(73)] ReadMemory at 0x8b82f0 of 72 bytes failed: Only part of a ReadProcessMemory or WriteProcessMemory request was completed. (0x12B)
[0107/144907.018:ERROR:process_memory_win.cc(73)] ReadMemory at 0x8b8388 of 112 bytes failed: Only part of a ReadProcessMemory or WriteProcessMemory request was completed. (0x12B)
[0107/144907.018:ERROR:process_memory_win.cc(73)] ReadMemory at 0x8b8620 of 64 bytes failed: Only part of a ReadProcessMemory or WriteProcessMemory request was completed. (0x12B)
[0107/144907.018:ERROR:process_memory_win.cc(73)] ReadMemory at 0x8b8670 of 72 bytes failed: Only part of a ReadProcessMemory or WriteProcessMemory request was completed. (0x12B)
[0107/144907.018:ERROR:process_memory_win.cc(73)] ReadMemory at 0x8b8708 of 68 bytes failed: Only part of a ReadProcessMemory or WriteProcessMemory request was completed. (0x12B)
[0107/144907.018:ERROR:process_memory_win.cc(73)] ReadMemory at 0x8b8758 of 72 bytes failed: Only part of a ReadProcessMemory or WriteProcessMemory request was completed. (0x12B)
[0107/144907.018:ERROR:process_memory_win.cc(73)] ReadMemory at 0x8b9160 of 62 bytes failed: Only part of a ReadProcessMemory or WriteProcessMemory request was completed. (0x12B)
[0107/144907.018:ERROR:process_memory_win.cc(73)] ReadMemory at 0x8b91a8 of 60 bytes failed: Only part of a ReadProcessMemory or WriteProcessMemory request was completed. (0x12B)
[0107/144907.018:ERROR:process_memory_win.cc(73)] ReadMemory at 0x8b9308 of 140 bytes failed: Only part of a ReadProcessMemory or WriteProcessMemory request was completed. (0x12B)
[0107/144907.018:ERROR:process_memory_win.cc(73)] ReadMemory at 0x8b93a0 of 72 bytes failed: Only part of a ReadProcessMemory or WriteProcessMemory request was completed. (0x12B)
[0107/144907.018:ERROR:process_memory_win.cc(73)] ReadMemory at 0x8b9998 of 72 bytes failed: Only part of a ReadProcessMemory or WriteProcessMemory request was completed. (0x12B)
[0107/144907.018:ERROR:process_memory_win.cc(73)] ReadMemory at 0x8b9a18 of 72 bytes failed: Only part of a ReadProcessMemory or WriteProcessMemory request was completed. (0x12B)
[0107/144907.018:ERROR:process_memory_win.cc(73)] ReadMemory at 0x8ba768 of 62 bytes failed: Only part of a ReadProcessMemory or WriteProcessMemory request was completed. (0x12B)
[0107/144907.018:ERROR:process_memory_win.cc(73)] ReadMemory at 0x8ba7b0 of 72 bytes failed: Only part of a ReadProcessMemory or WriteProcessMemory request was completed. (0x12B)
[0107/144907.018:ERROR:process_memory_win.cc(73)] ReadMemory at 0x8ba848 of 62 bytes failed: Only part of a ReadProcessMemory or WriteProcessMemory request was completed. (0x12B)
[0107/144907.018:ERROR:process_memory_win.cc(73)] ReadMemory at 0x8ba890 of 72 bytes failed: Only part of a ReadProcessMemory or WriteProcessMemory request was completed. (0x12B)
[0107/144907.019:ERROR:process_memory_win.cc(73)] ReadMemory at 0x8ba910 of 58 bytes failed: Only part of a ReadProcessMemory or WriteProcessMemory request was completed. (0x12B)
[0107/144907.019:ERROR:process_memory_win.cc(73)] ReadMemory at 0x8ba958 of 72 bytes failed: Only part of a ReadProcessMemory or WriteProcessMemory request was completed. (0x12B)
[0107/144907.019:ERROR:process_memory_win.cc(73)] ReadMemory at 0x8d1ff0 of 60 bytes failed: Only part of a ReadProcessMemory or WriteProcessMemory request was completed. (0x12B)
[0107/144907.019:ERROR:process_memory_win.cc(73)] ReadMemory at 0x8d2038 of 72 bytes failed: Only part of a ReadProcessMemory or WriteProcessMemory request was completed. (0x12B)
[0107/144907.104:ERROR:process_memory_win.cc(73)] ReadMemory at 0x8d20b8 of 54 bytes failed: Only part of a ReadProcessMemory or WriteProcessMemory request was completed. (0x12B)
[0107/144907.104:ERROR:process_memory_win.cc(73)] ReadMemory at 0x8d20f8 of 72 bytes failed: Only part of a ReadProcessMemory or WriteProcessMemory request was completed. (0x12B)
[0107/144907.104:ERROR:process_memory_win.cc(73)] ReadMemory at 0x8d2178 of 58 bytes failed: Only part of a ReadProcessMemory or WriteProcessMemory request was completed. (0x12B)
[0107/144907.104:ERROR:process_memory_win.cc(73)] ReadMemory at 0x8d21c0 of 72 bytes failed: Only part of a ReadProcessMemory or WriteProcessMemory request was completed. (0x12B)
[0107/144907.104:ERROR:process_memory_win.cc(73)] ReadMemory at 0x8d2240 of 58 bytes failed: Only part of a ReadProcessMemory or WriteProcessMemory request was completed. (0x12B)
[0107/144907.104:ERROR:process_memory_win.cc(73)] ReadMemory at 0x8d2288 of 72 bytes failed: Only part of a ReadProcessMemory or WriteProcessMemory request was completed. (0x12B)
[0107/144907.104:ERROR:process_memory_win.cc(73)] ReadMemory at 0x8d2468 of 58 bytes failed: Only part of a ReadProcessMemory or WriteProcessMemory request was completed. (0x12B)
[0107/144907.104:ERROR:process_memory_win.cc(73)] ReadMemory at 0x8d24b0 of 72 bytes failed: Only part of a ReadProcessMemory or WriteProcessMemory request was completed. (0x12B)
[0107/144907.104:ERROR:process_memory_win.cc(73)] ReadMemory at 0x8d4178 of 72 bytes failed: Only part of a ReadProcessMemory or WriteProcessMemory request was completed. (0x12B)
[0107/144907.104:ERROR:process_memory_win.cc(73)] ReadMemory at 0x8d4330 of 64 bytes failed: Only part of a ReadProcessMemory or WriteProcessMemory request was completed. (0x12B)
[0107/144907.104:ERROR:process_memory_win.cc(73)] ReadMemory at 0x8d4380 of 72 bytes failed: Only part of a ReadProcessMemory or WriteProcessMemory request was completed. (0x12B)
[0107/144907.104:ERROR:process_memory_win.cc(73)] ReadMemory at 0x8d4400 of 62 bytes failed: Only part of a ReadProcessMemory or WriteProcessMemory request was completed. (0x12B)
[0107/144907.104:ERROR:process_memory_win.cc(73)] ReadMemory at 0x8d4460 of 58 bytes failed: Only part of a ReadProcessMemory or WriteProcessMemory request was completed. (0x12B)
[0107/144907.104:ERROR:process_memory_win.cc(73)] ReadMemory at 0x8d44a8 of 60 bytes failed: Only part of a ReadProcessMemory or WriteProcessMemory request was completed. (0x12B)
[0107/144907.105:ERROR:process_memory_win.cc(73)] ReadMemory at 0x8d44f0 of 144 bytes failed: Only part of a ReadProcessMemory or WriteProcessMemory request was completed. (0x12B)
[0107/144907.105:ERROR:process_memory_win.cc(73)] ReadMemory at 0x8d46e8 of 72 bytes failed: Only part of a ReadProcessMemory or WriteProcessMemory request was completed. (0x12B)
[0107/144907.105:ERROR:process_memory_win.cc(73)] ReadMemory at 0x8d4768 of 72 bytes failed: Only part of a ReadProcessMemory or WriteProcessMemory request was completed. (0x12B)
[0107/144907.105:ERROR:process_memory_win.cc(73)] ReadMemory at 0x8d47e8 of 72 bytes failed: Only part of a ReadProcessMemory or WriteProcessMemory request was completed. (0x12B)
[0107/144907.105:ERROR:process_memory_win.cc(73)] ReadMemory at 0x8d4868 of 72 bytes failed: Only part of a ReadProcessMemory or WriteProcessMemory request was completed. (0x12B)
[0107/144907.105:ERROR:process_memory_win.cc(73)] ReadMemory at 0x8d48e8 of 72 bytes failed: Only part of a ReadProcessMemory or WriteProcessMemory request was completed. (0x12B)
[0107/144907.105:ERROR:process_memory_win.cc(73)] ReadMemory at 0x8d4968 of 72 bytes failed: Only part of a ReadProcessMemory or WriteProcessMemory request was completed. (0x12B)
[0107/144907.105:ERROR:process_memory_win.cc(73)] ReadMemory at 0x8d49e8 of 72 bytes failed: Only part of a ReadProcessMemory or WriteProcessMemory request was completed. (0x12B)
[0107/144907.105:ERROR:process_memory_win.cc(73)] ReadMemory at 0x8d4a68 of 72 bytes failed: Only part of a ReadProcessMemory or WriteProcessMemory request was completed. (0x12B)
[0107/144907.105:ERROR:process_memory_win.cc(73)] ReadMemory at 0x8d4ae8 of 72 bytes failed: Only part of a ReadProcessMemory or WriteProcessMemory request was completed. (0x12B)
[0107/144907.105:ERROR:process_memory_win.cc(73)] ReadMemory at 0x8d4b68 of 72 bytes failed: Only part of a ReadProcessMemory or WriteProcessMemory request was completed. (0x12B)
[0107/144907.105:ERROR:process_memory_win.cc(73)] ReadMemory at 0x8d4be8 of 72 bytes failed: Only part of a ReadProcessMemory or WriteProcessMemory request was completed. (0x12B)
[0107/144907.105:ERROR:process_memory_win.cc(73)] ReadMemory at 0x8d4c68 of 72 bytes failed: Only part of a ReadProcessMemory or WriteProcessMemory request was completed. (0x12B)
[0107/144907.105:ERROR:process_memory_win.cc(73)] ReadMemory at 0x8d4ce8 of 72 bytes failed: Only part of a ReadProcessMemory or WriteProcessMemory request was completed. (0x12B)
[0107/144907.105:ERROR:process_memory_win.cc(73)] ReadMemory at 0x8d4d68 of 72 bytes failed: Only part of a ReadProcessMemory or WriteProcessMemory request was completed. (0x12B)
[0107/144907.105:ERROR:process_memory_win.cc(73)] ReadMemory at 0x8d4de8 of 72 bytes failed: Only part of a ReadProcessMemory or WriteProcessMemory request was completed. (0x12B)
[0107/144907.105:ERROR:process_memory_win.cc(73)] ReadMemory at 0x8d4e68 of 72 bytes failed: Only part of a ReadProcessMemory or WriteProcessMemory request was completed. (0x12B)
[0107/144907.106:ERROR:process_memory_win.cc(73)] ReadMemory at 0x8d4ee8 of 72 bytes failed: Only part of a ReadProcessMemory or WriteProcessMemory request was completed. (0x12B)
[0107/144907.106:ERROR:process_memory_win.cc(73)] ReadMemory at 0x8d4f68 of 72 bytes failed: Only part of a ReadProcessMemory or WriteProcessMemory request was completed. (0x12B)
[0107/144907.106:ERROR:process_memory_win.cc(73)] ReadMemory at 0x8d4fe8 of 72 bytes failed: Only part of a ReadProcessMemory or WriteProcessMemory request was completed. (0x12B)
[0107/144907.106:ERROR:process_memory_win.cc(73)] ReadMemory at 0x8d5068 of 72 bytes failed: Only part of a ReadProcessMemory or WriteProcessMemory request was completed. (0x12B)
[0107/144907.106:ERROR:process_memory_win.cc(73)] ReadMemory at 0x8d50e8 of 72 bytes failed: Only part of a ReadProcessMemory or WriteProcessMemory request was completed. (0x12B)
[0107/144907.106:ERROR:process_memory_win.cc(73)] ReadMemory at 0x8d5168 of 72 bytes failed: Only part of a ReadProcessMemory or WriteProcessMemory request was completed. (0x12B)
[0107/144907.106:ERROR:process_memory_win.cc(73)] ReadMemory at 0x8d51e8 of 72 bytes failed: Only part of a ReadProcessMemory or WriteProcessMemory request was completed. (0x12B)
[0107/144907.106:ERROR:process_memory_win.cc(73)] ReadMemory at 0x8d7910 of 64 bytes failed: Only part of a ReadProcessMemory or WriteProcessMemory request was completed. (0x12B)
[0107/144907.106:ERROR:process_memory_win.cc(73)] ReadMemory at 0x8d7960 of 58 bytes failed: Only part of a ReadProcessMemory or WriteProcessMemory request was completed. (0x12B)
[0107/144907.106:ERROR:process_memory_win.cc(73)] ReadMemory at 0x8d79a8 of 60 bytes failed: Only part of a ReadProcessMemory or WriteProcessMemory request was completed. (0x12B)
[0107/144907.106:ERROR:process_memory_win.cc(73)] ReadMemory at 0x8d7df0 of 54 bytes failed: Only part of a ReadProcessMemory or WriteProcessMemory request was completed. (0x12B)
[0107/144907.106:ERROR:process_memory_win.cc(73)] ReadMemory at 0x8d7e30 of 64 bytes failed: Only part of a ReadProcessMemory or WriteProcessMemory request was completed. (0x12B)
[0107/144907.106:ERROR:process_memory_win.cc(73)] ReadMemory at 0x8d7f48 of 64 bytes failed: Only part of a ReadProcessMemory or WriteProcessMemory request was completed. (0x12B)
[0107/144907.106:ERROR:process_memory_win.cc(73)] ReadMemory at 0x8d7f98 of 64 bytes failed: Only part of a ReadProcessMemory or WriteProcessMemory request was completed. (0x12B)
[0107/144907.106:ERROR:process_memory_win.cc(73)] ReadMemory at 0x8d8120 of 64 bytes failed: Only part of a ReadProcessMemory or WriteProcessMemory request was completed. (0x12B)
[0107/144907.106:ERROR:process_memory_win.cc(73)] ReadMemory at 0x8d8188 of 60 bytes failed: Only part of a ReadProcessMemory or WriteProcessMemory request was completed. (0x12B)
[0107/144907.106:ERROR:process_memory_win.cc(73)] ReadMemory at 0x8d81d0 of 62 bytes failed: Only part of a ReadProcessMemory or WriteProcessMemory request was completed. (0x12B)
[0107/144907.106:ERROR:process_memory_win.cc(73)] ReadMemory at 0x8d8218 of 60 bytes failed: Only part of a ReadProcessMemory or WriteProcessMemory request was completed. (0x12B)
[0107/144907.106:ERROR:process_memory_win.cc(73)] ReadMemory at 0x8d8260 of 62 bytes failed: Only part of a ReadProcessMemory or WriteProcessMemory request was completed. (0x12B)
[0107/144907.107:ERROR:process_memory_win.cc(73)] ReadMemory at 0x8d82a8 of 62 bytes failed: Only part of a ReadProcessMemory or WriteProcessMemory request was completed. (0x12B)
[0107/144907.107:ERROR:process_memory_win.cc(73)] ReadMemory at 0x8d82f0 of 60 bytes failed: Only part of a ReadProcessMemory or WriteProcessMemory request was completed. (0x12B)
[0107/144907.107:ERROR:process_memory_win.cc(73)] ReadMemory at 0x8d8338 of 62 bytes failed: Only part of a ReadProcessMemory or WriteProcessMemory request was completed. (0x12B)
[0107/144907.107:ERROR:process_memory_win.cc(73)] ReadMemory at 0x8d8380 of 62 bytes failed: Only part of a ReadProcessMemory or WriteProcessMemory request was completed. (0x12B)
[0107/144907.107:ERROR:process_memory_win.cc(73)] ReadMemory at 0x8d83c8 of 62 bytes failed: Only part of a ReadProcessMemory or WriteProcessMemory request was completed. (0x12B)
[0107/144907.107:ERROR:process_memory_win.cc(73)] ReadMemory at 0x8d8410 of 62 bytes failed: Only part of a ReadProcessMemory or WriteProcessMemory request was completed. (0x12B)
[0107/144907.107:ERROR:process_memory_win.cc(73)] ReadMemory at 0x8d8458 of 58 bytes failed: Only part of a ReadProcessMemory or WriteProcessMemory request was completed. (0x12B)
[0107/144907.107:ERROR:process_memory_win.cc(73)] ReadMemory at 0x8db190 of 66 bytes failed: Only part of a ReadProcessMemory or WriteProcessMemory request was completed. (0x12B)
[0107/144907.107:ERROR:process_memory_win.cc(73)] ReadMemory at 0x8e5f88 of 512 bytes failed: Only part of a ReadProcessMemory or WriteProcessMemory request was completed. (0x12B)
[0107/144907.107:ERROR:process_memory_win.cc(73)] ReadMemory at 0x8e61c0 of 512 bytes failed: Only part of a ReadProcessMemory or WriteProcessMemory request was completed. (0x12B)
[0107/144907.107:ERROR:process_memory_win.cc(73)] ReadMemory at 0x29f0720 of 512 bytes failed: Only part of a ReadProcessMemory or WriteProcessMemory request was completed. (0x12B)
[0107/144907.107:ERROR:process_memory_win.cc(73)] ReadMemory at 0x29f3580 of 528 bytes failed: Only part of a ReadProcessMemory or WriteProcessMemory request was completed. (0x12B)
[0107/144907.107:ERROR:process_memory_win.cc(73)] ReadMemory at 0x2a060ac of 512 bytes failed: Only part of a ReadProcessMemory or WriteProcessMemory request was completed. (0x12B)
[0107/144907.107:ERROR:process_memory_win.cc(73)] ReadMemory at 0x2aa5f68 of 536 bytes failed: Only part of a ReadProcessMemory or WriteProcessMemory request was completed. (0x12B)
[0107/144907.107:ERROR:process_memory_win.cc(73)] ReadMemory at 0x4c4d6a0 of 548 bytes failed: Only part of a ReadProcessMemory or WriteProcessMemory request was completed. (0x12B)
[0107/144907.108:ERROR:process_memory_win.cc(73)] ReadMemory at 0xa7f98b0 of 512 bytes failed: Only part of a ReadProcessMemory or WriteProcessMemory request was completed. (0x12B)
[0107/144907.108:ERROR:process_memory_win.cc(73)] ReadMemory at 0x10967a40 of 512 bytes failed: Only part of a ReadProcessMemory or WriteProcessMemory request was completed. (0x12B)
[0107/144907.108:ERROR:process_memory_win.cc(73)] ReadMemory at 0x115808da of 512 bytes failed: Only part of a ReadProcessMemory or WriteProcessMemory request was completed. (0x12B)
[0107/144907.108:ERROR:process_memory_win.cc(73)] ReadMemory at 0x388e845c of 512 bytes failed: Only part of a ReadProcessMemory or WriteProcessMemory request was completed. (0x12B)
[0107/144907.108:ERROR:process_memory_win.cc(73)] ReadMemory at 0x3a001f74 of 512 bytes failed: Only part of a ReadProcessMemory or WriteProcessMemory request was completed. (0x12B)
[0107/144907.108:ERROR:process_memory_win.cc(73)] ReadMemory at 0x76bdecb8 of 512 bytes failed: Only part of a ReadProcessMemory or WriteProcessMemory request was completed. (0x12B)
[0107/144907.108:ERROR:process_memory_win.cc(73)] ReadMemory at 0x7749fc8f of 897 bytes failed: Only part of a ReadProcessMemory or WriteProcessMemory request was completed. (0x12B)
[0107/144907.170:ERROR:process_memory_win.cc(73)] ReadMemory at 0x774b7034 of 512 bytes failed: Only part of a ReadProcessMemory or WriteProcessMemory request was completed. (0x12B)
[0107/144907.170:ERROR:process_memory_win.cc(73)] ReadMemory at 0x774d8328 of 18 bytes failed: Only part of a ReadProcessMemory or WriteProcessMemory request was completed. (0x12B)
[0107/144907.170:ERROR:process_memory_win.cc(73)] ReadMemory at 0x77547340 of 24 bytes failed: Only part of a ReadProcessMemory or WriteProcessMemory request was completed. (0x12B)
[0107/144907.170:ERROR:process_memory_win.cc(73)] ReadMemory at 0x77547540 of 32 bytes failed: Only part of a ReadProcessMemory or WriteProcessMemory request was completed. (0x12B)
[0107/144907.170:ERROR:process_memory_win.cc(73)] ReadMemory at 0x77547880 of 36 bytes failed: Only part of a ReadProcessMemory or WriteProcessMemory request was completed. (0x12B)
[0107/144907.170:ERROR:process_memory_win.cc(73)] ReadMemory at 0x7ffad000 of 3992 bytes failed: Only part of a ReadProcessMemory or WriteProcessMemory request was completed. (0x12B)
[0107/144907.170:ERROR:process_memory_win.cc(73)] ReadMemory at 0x7ffae000 of 3992 bytes failed: Only part of a ReadProcessMemory or WriteProcessMemory request was completed. (0x12B)
[0107/144907.171:ERROR:process_memory_win.cc(73)] ReadMemory at 0x7ffaf000 of 3992 bytes failed: Only part of a ReadProcessMemory or WriteProcessMemory request was completed. (0x12B)
[0107/144907.171:ERROR:process_memory_win.cc(73)] ReadMemory at 0x7ffd3000 of 3992 bytes failed: Only part of a ReadProcessMemory or WriteProcessMemory request was completed. (0x12B)
[0107/144907.171:ERROR:process_memory_win.cc(73)] ReadMemory at 0x7ffd4000 of 3992 bytes failed: Only part of a ReadProcessMemory or WriteProcessMemory request was completed. (0x12B)
[0107/144907.171:ERROR:process_memory_win.cc(73)] ReadMemory at 0x7ffd5000 of 3992 bytes failed: Only part of a ReadProcessMemory or WriteProcessMemory request was completed. (0x12B)
[0107/144907.171:ERROR:process_memory_win.cc(73)] ReadMemory at 0x7ffd6000 of 3992 bytes failed: Only part of a ReadProcessMemory or WriteProcessMemory request was completed. (0x12B)
[0107/144907.365:ERROR:process_memory_win.cc(73)] ReadMemory at 0x7ffd7000 of 3992 bytes failed: Only part of a ReadProcessMemory or WriteProcessMemory request was completed. (0x12B)
[0107/144907.365:ERROR:process_memory_win.cc(73)] ReadMemory at 0x7ffd8000 of 3992 bytes failed: Only part of a ReadProcessMemory or WriteProcessMemory request was completed. (0x12B)
[0107/144907.365:ERROR:process_memory_win.cc(73)] ReadMemory at 0x7ffd9000 of 3992 bytes failed: Only part of a ReadProcessMemory or WriteProcessMemory request was completed. (0x12B)
[0107/144907.365:ERROR:process_memory_win.cc(73)] ReadMemory at 0x7ffda000 of 560 bytes failed: Only part of a ReadProcessMemory or WriteProcessMemory request was completed. (0x12B)
[0107/144907.365:ERROR:process_memory_win.cc(73)] ReadMemory at 0x7ffdb000 of 3992 bytes failed: Only part of a ReadProcessMemory or WriteProcessMemory request was completed. (0x12B)
[0107/144907.365:ERROR:process_memory_win.cc(73)] ReadMemory at 0x7ffdc000 of 3992 bytes failed: Only part of a ReadProcessMemory or WriteProcessMemory request was completed. (0x12B)
[0107/144907.495:ERROR:process_memory_win.cc(73)] ReadMemory at 0x7ffdd000 of 3992 bytes failed: Only part of a ReadProcessMemory or WriteProcessMemory request was completed. (0x12B)
[0107/144907.496:ERROR:process_memory_win.cc(73)] ReadMemory at 0x7ffde000 of 3992 bytes failed: Only part of a ReadProcessMemory or WriteProcessMemory request was completed. (0x12B)
[0107/144907.496:ERROR:process_memory_win.cc(73)] ReadMemory at 0x7ffdf000 of 3992 bytes failed: Only part of a ReadProcessMemory or WriteProcessMemory request was completed. (0x12B)
[0107/144907.601:ERROR:scoped_process_suspend.cc(40)] NtResumeProcess: An attempt was made to access an exiting process. (0xc000010a)
[1117/130445.101:ERROR:directory_reader_win.cc(43)] FindFirstFile: The system cannot find the path specified. (0x3)
[1209/121933.541:ERROR:directory_reader_win.cc(43)] FindFirstFile: The system cannot find the path specified. (0x3)
[1212/131310.543:ERROR:directory_reader_win.cc(43)] FindFirstFile: The system cannot find the path specified. (0x3)
[1220/122422.349:ERROR:directory_reader_win.cc(43)] FindFirstFile: The system cannot find the path specified. (0x3)
[1221/125435.370:ERROR:directory_reader_win.cc(43)] FindFirstFile: The system cannot find the path specified. (0x3)
[1222/120704.400:ERROR:directory_reader_win.cc(43)] FindFirstFile: The system cannot find the path specified. (0x3)
[1222/144110.308:ERROR:directory_reader_win.cc(43)] FindFirstFile: The system cannot find the path specified. (0x3)
[1228/110233.185:ERROR:directory_reader_win.cc(43)] FindFirstFile: The system cannot find the path specified. (0x3)
[1229/114900.057:ERROR:directory_reader_win.cc(43)] FindFirstFile: The system cannot find the path specified. (0x3)
[1231/113512.672:ERROR:directory_reader_win.cc(43)] FindFirstFile: The system cannot find the path specified. (0x3)
[0101/133002.836:ERROR:directory_reader_win.cc(43)] FindFirstFile: The system cannot find the path specified. (0x3)
[0104/120327.924:ERROR:directory_reader_win.cc(43)] FindFirstFile: The system cannot find the path specified. (0x3)
[0104/191506.870:ERROR:process_reader_win.cc(123)] NtOpenThread: {Access Denied} A process has requested access to an object, but has not been granted those access rights. (0xc0000022)
[0104/191506.850:ERROR:process_reader_win.cc(123)] NtOpenThread: {Access Denied} A process has requested access to an object, but has not been granted those access rights. (0xc0000022)
[0104/191506.880:ERROR:process_reader_win.cc(123)] NtOpenThread: {Access Denied} A process has requested access to an object, but has not been granted those access rights. (0xc0000022)
[0104/191506.950:ERROR:exception_snapshot_win.cc(99)] thread ID 11572 not found in process
[0104/191506.950:ERROR:exception_snapshot_win.cc(99)] thread ID 8964 not found in process
[0104/191506.950:ERROR:exception_snapshot_win.cc(99)] thread ID 356 not found in process
[0117/141746.562:ERROR:directory_reader_win.cc(43)] FindFirstFile: The system cannot find the path specified. (0x3)
[0118/102142.493:ERROR:directory_reader_win.cc(43)] FindFirstFile: The system cannot find the path specified. (0x3)
[0118/102142.527:ERROR:filesystem_win.cc(129)] GetFileAttributes C:\Users\INNOVATION\AppData\Local\Google\Chrome\User Data\Crashpad\attachments\a4e72727-aca3-4bec-9550-ccd34e478892: The system cannot find the path specified. (0x3)
[0118/162558.605:ERROR:directory_reader_win.cc(43)] FindFirstFile: The system cannot find the path specified. (0x3)
[0118/171036.370:ERROR:file_io.cc(135)] WriteFile: The pipe is being closed. (0xE8)
